07-18 14:04:23, content:5-full-s10
07-18 14:04:23, label_info:/content/drive/MyDrive/semi_classification/label_list/sha-5.txt
07-18 14:04:23, seed:10
07-18 14:04:23, crop_size:256
07-18 14:04:23, downsample_ratio:8
07-18 14:04:23, data_dir:/content/drive/MyDrive/processed_SHA
07-18 14:04:23, save_dir:/content/drive/MyDrive/history
07-18 14:04:23, max_num:2
07-18 14:04:23, resume:
07-18 14:04:23, batch_size:8
07-18 14:04:23, num_labeled:2
07-18 14:04:23, weight_decay:0.0001
07-18 14:04:23, lr:1e-05
07-18 14:04:23, num_workers:0
07-18 14:04:23, start_epoch:0
07-18 14:04:23, epochs:200
07-18 14:04:23, start_val:20
07-18 14:04:23, val_epoch:1
07-18 14:04:23, threshold:0.1
07-18 14:04:23, ema_decay:0.97
07-18 14:04:23, weight_ramup:20
07-18 14:04:23, mask_ratio:0.3
07-18 14:04:23, mask_size:32
07-18 14:04:24, Using 1 gpus
07-18 14:04:29, Number of images in the dataset 300, with 15 labeled data and 285 unlabeled data
07-18 14:04:38, --------------------------------------------------Epoch:0/199--------------------------------------------------
07-18 14:14:22, Epoch 0 Train, reg:0.4708, cls_score:3.1622, unsupervised:0.0437 mae:75.08, mse:137.01, Cost: 583.9 sec 
07-18 14:14:24, --------------------------------------------------Epoch:1/199--------------------------------------------------
07-18 14:14:57, Epoch 1 Train, reg:0.3630, cls_score:2.7660, unsupervised:0.3570 mae:36.31, mse:76.87, Cost: 32.5 sec 
07-18 14:14:57, --------------------------------------------------Epoch:2/199--------------------------------------------------
07-18 14:15:23, Epoch 2 Train, reg:0.3907, cls_score:2.4142, unsupervised:0.5469 mae:45.68, mse:98.75, Cost: 26.0 sec 
07-18 14:15:23, --------------------------------------------------Epoch:3/199--------------------------------------------------
07-18 14:15:49, Epoch 3 Train, reg:0.3892, cls_score:2.3256, unsupervised:0.3817 mae:41.23, mse:72.66, Cost: 25.8 sec 
07-18 14:15:49, --------------------------------------------------Epoch:4/199--------------------------------------------------
07-18 14:16:15, Epoch 4 Train, reg:0.3286, cls_score:2.0365, unsupervised:0.4307 mae:29.13, mse:53.28, Cost: 26.0 sec 
07-18 14:16:15, --------------------------------------------------Epoch:5/199--------------------------------------------------
07-18 14:16:40, Epoch 5 Train, reg:0.3592, cls_score:2.0031, unsupervised:0.4912 mae:23.50, mse:39.71, Cost: 25.5 sec 
07-18 14:16:43, --------------------------------------------------Epoch:6/199--------------------------------------------------
07-18 14:17:10, Epoch 6 Train, reg:0.3007, cls_score:1.9081, unsupervised:0.5645 mae:25.93, mse:52.82, Cost: 27.0 sec 
07-18 14:17:10, --------------------------------------------------Epoch:7/199--------------------------------------------------
07-18 14:17:36, Epoch 7 Train, reg:0.2968, cls_score:1.9313, unsupervised:0.5305 mae:20.88, mse:33.05, Cost: 26.3 sec 
07-18 14:17:36, --------------------------------------------------Epoch:8/199--------------------------------------------------
07-18 14:18:02, Epoch 8 Train, reg:0.2516, cls_score:1.7791, unsupervised:0.5352 mae:13.25, mse:24.55, Cost: 25.8 sec 
07-18 14:18:02, --------------------------------------------------Epoch:9/199--------------------------------------------------
07-18 14:18:28, Epoch 9 Train, reg:0.2824, cls_score:1.7445, unsupervised:0.5070 mae:29.51, mse:58.55, Cost: 26.2 sec 
07-18 14:18:28, --------------------------------------------------Epoch:10/199--------------------------------------------------
07-18 14:18:54, Epoch 10 Train, reg:0.2961, cls_score:1.7956, unsupervised:0.5027 mae:30.51, mse:64.41, Cost: 26.5 sec 
07-18 14:18:56, --------------------------------------------------Epoch:11/199--------------------------------------------------
07-18 14:19:24, Epoch 11 Train, reg:0.2420, cls_score:1.7118, unsupervised:0.4946 mae:18.31, mse:43.01, Cost: 27.8 sec 
07-18 14:19:24, --------------------------------------------------Epoch:12/199--------------------------------------------------
07-18 14:19:50, Epoch 12 Train, reg:0.2532, cls_score:1.7928, unsupervised:0.4688 mae:14.31, mse:28.70, Cost: 26.1 sec 
07-18 14:19:50, --------------------------------------------------Epoch:13/199--------------------------------------------------
07-18 14:20:16, Epoch 13 Train, reg:0.2243, cls_score:1.6481, unsupervised:0.4635 mae:19.36, mse:43.48, Cost: 26.1 sec 
07-18 14:20:16, --------------------------------------------------Epoch:14/199--------------------------------------------------
07-18 14:20:42, Epoch 14 Train, reg:0.2675, cls_score:1.7707, unsupervised:0.4756 mae:23.15, mse:54.27, Cost: 26.0 sec 
07-18 14:20:42, --------------------------------------------------Epoch:15/199--------------------------------------------------
07-18 14:21:08, Epoch 15 Train, reg:0.2221, cls_score:1.6362, unsupervised:0.4702 mae:12.74, mse:22.89, Cost: 26.1 sec 
07-18 14:21:11, --------------------------------------------------Epoch:16/199--------------------------------------------------
07-18 14:21:41, Epoch 16 Train, reg:0.2265, cls_score:1.6651, unsupervised:0.4876 mae:17.59, mse:31.56, Cost: 30.5 sec 
07-18 14:21:41, --------------------------------------------------Epoch:17/199--------------------------------------------------
07-18 14:22:07, Epoch 17 Train, reg:0.2311, cls_score:1.6152, unsupervised:0.4884 mae:22.15, mse:42.70, Cost: 26.1 sec 
07-18 14:22:07, --------------------------------------------------Epoch:18/199--------------------------------------------------
07-18 14:22:33, Epoch 18 Train, reg:0.2197, cls_score:1.6095, unsupervised:0.4838 mae:14.84, mse:33.20, Cost: 25.9 sec 
07-18 14:22:33, --------------------------------------------------Epoch:19/199--------------------------------------------------
07-18 14:22:59, Epoch 19 Train, reg:0.2195, cls_score:1.6505, unsupervised:0.4951 mae:13.09, mse:26.61, Cost: 26.3 sec 
07-18 14:22:59, --------------------------------------------------Epoch:20/199--------------------------------------------------
07-18 14:23:26, Epoch 20 Train, reg:0.2069, cls_score:1.6014, unsupervised:0.4802 mae:11.53, mse:21.45, Cost: 26.4 sec 
07-18 14:31:02, Epoch 20 Val, MAE: 84.95, MSE: 132.89 Cost 453.9 sec
07-18 14:31:02, Save best model: MAE: 84.95 MSE:132.89 model epoch 20
07-18 14:31:02, --------------------------------------------------Epoch:21/199--------------------------------------------------
07-18 14:31:32, Epoch 21 Train, reg:0.2037, cls_score:1.5769, unsupervised:0.4885 mae:14.28, mse:30.94, Cost: 30.3 sec 
07-18 14:31:57, Epoch 21 Val, MAE: 85.53, MSE: 129.72 Cost 24.3 sec
07-18 14:31:57, Save best model: MAE: 85.53 MSE:129.72 model epoch 21
07-18 14:31:57, --------------------------------------------------Epoch:22/199--------------------------------------------------
07-18 14:32:23, Epoch 22 Train, reg:0.2284, cls_score:1.6911, unsupervised:0.5094 mae:13.55, mse:24.84, Cost: 26.4 sec 
07-18 14:32:47, Epoch 22 Val, MAE: 84.40, MSE: 140.58 Cost 24.0 sec
07-18 14:32:47, --------------------------------------------------Epoch:23/199--------------------------------------------------
07-18 14:33:13, Epoch 23 Train, reg:0.2016, cls_score:1.6005, unsupervised:0.4920 mae:11.18, mse:25.54, Cost: 25.7 sec 
07-18 14:33:37, Epoch 23 Val, MAE: 88.57, MSE: 135.07 Cost 24.0 sec
07-18 14:33:37, --------------------------------------------------Epoch:24/199--------------------------------------------------
07-18 14:34:03, Epoch 24 Train, reg:0.2058, cls_score:1.5769, unsupervised:0.5201 mae:13.72, mse:26.33, Cost: 26.4 sec 
07-18 14:34:28, Epoch 24 Val, MAE: 88.68, MSE: 129.65 Cost 24.0 sec
07-18 14:34:28, --------------------------------------------------Epoch:25/199--------------------------------------------------
07-18 14:34:54, Epoch 25 Train, reg:0.2083, cls_score:1.6326, unsupervised:0.5205 mae:8.94, mse:15.02, Cost: 26.6 sec 
07-18 14:35:21, Epoch 25 Val, MAE: 81.05, MSE: 124.80 Cost 24.5 sec
07-18 14:35:21, Save best model: MAE: 81.05 MSE:124.80 model epoch 25
07-18 14:35:21, --------------------------------------------------Epoch:26/199--------------------------------------------------
07-18 14:35:48, Epoch 26 Train, reg:0.1994, cls_score:1.5598, unsupervised:0.5162 mae:11.52, mse:23.34, Cost: 26.6 sec 
07-18 14:36:12, Epoch 26 Val, MAE: 85.72, MSE: 128.21 Cost 24.0 sec
07-18 14:36:12, --------------------------------------------------Epoch:27/199--------------------------------------------------
07-18 14:36:38, Epoch 27 Train, reg:0.1854, cls_score:1.5880, unsupervised:0.5385 mae:7.73, mse:16.94, Cost: 26.1 sec 
07-18 14:37:02, Epoch 27 Val, MAE: 98.79, MSE: 148.71 Cost 24.1 sec
07-18 14:37:02, --------------------------------------------------Epoch:28/199--------------------------------------------------
07-18 14:37:28, Epoch 28 Train, reg:0.1873, cls_score:1.4909, unsupervised:0.5185 mae:14.49, mse:34.76, Cost: 26.0 sec 
07-18 14:37:52, Epoch 28 Val, MAE: 111.43, MSE: 155.15 Cost 23.9 sec
07-18 14:37:52, --------------------------------------------------Epoch:29/199--------------------------------------------------
07-18 14:38:17, Epoch 29 Train, reg:0.1918, cls_score:1.5743, unsupervised:0.5026 mae:10.18, mse:18.61, Cost: 25.4 sec 
07-18 14:38:41, Epoch 29 Val, MAE: 101.12, MSE: 151.81 Cost 23.9 sec
07-18 14:38:41, --------------------------------------------------Epoch:30/199--------------------------------------------------
07-18 14:39:07, Epoch 30 Train, reg:0.1833, cls_score:1.5146, unsupervised:0.5137 mae:9.65, mse:16.09, Cost: 25.9 sec 
07-18 14:39:33, Epoch 30 Val, MAE: 83.87, MSE: 131.04 Cost 24.3 sec
07-18 14:39:33, --------------------------------------------------Epoch:31/199--------------------------------------------------
07-18 14:39:59, Epoch 31 Train, reg:0.1843, cls_score:1.5828, unsupervised:0.5232 mae:10.05, mse:26.66, Cost: 25.9 sec 
07-18 14:40:23, Epoch 31 Val, MAE: 84.99, MSE: 142.26 Cost 24.0 sec
07-18 14:40:23, --------------------------------------------------Epoch:32/199--------------------------------------------------
07-18 14:40:49, Epoch 32 Train, reg:0.1752, cls_score:1.4574, unsupervised:0.5323 mae:10.96, mse:19.34, Cost: 25.9 sec 
07-18 14:41:13, Epoch 32 Val, MAE: 92.21, MSE: 154.83 Cost 23.8 sec
07-18 14:41:13, --------------------------------------------------Epoch:33/199--------------------------------------------------
07-18 14:41:38, Epoch 33 Train, reg:0.1771, cls_score:1.5079, unsupervised:0.5160 mae:7.67, mse:15.77, Cost: 25.4 sec 
07-18 14:42:02, Epoch 33 Val, MAE: 91.10, MSE: 153.21 Cost 23.9 sec
07-18 14:42:02, --------------------------------------------------Epoch:34/199--------------------------------------------------
07-18 14:42:28, Epoch 34 Train, reg:0.1749, cls_score:1.4579, unsupervised:0.5436 mae:11.90, mse:23.51, Cost: 25.7 sec 
07-18 14:42:52, Epoch 34 Val, MAE: 88.48, MSE: 132.10 Cost 23.8 sec
07-18 14:42:52, --------------------------------------------------Epoch:35/199--------------------------------------------------
07-18 14:43:17, Epoch 35 Train, reg:0.1758, cls_score:1.4901, unsupervised:0.5326 mae:10.16, mse:18.33, Cost: 25.5 sec 
07-18 14:43:44, Epoch 35 Val, MAE: 82.61, MSE: 126.38 Cost 24.2 sec
07-18 14:43:44, --------------------------------------------------Epoch:36/199--------------------------------------------------
07-18 14:44:09, Epoch 36 Train, reg:0.1799, cls_score:1.4930, unsupervised:0.5285 mae:9.60, mse:16.86, Cost: 25.6 sec 
07-18 14:44:33, Epoch 36 Val, MAE: 89.22, MSE: 133.76 Cost 23.9 sec
07-18 14:44:33, --------------------------------------------------Epoch:37/199--------------------------------------------------
07-18 14:44:58, Epoch 37 Train, reg:0.1709, cls_score:1.4576, unsupervised:0.5222 mae:11.04, mse:23.94, Cost: 25.4 sec 
07-18 14:45:22, Epoch 37 Val, MAE: 85.95, MSE: 135.37 Cost 23.8 sec
07-18 14:45:22, --------------------------------------------------Epoch:38/199--------------------------------------------------
07-18 14:45:48, Epoch 38 Train, reg:0.1775, cls_score:1.5593, unsupervised:0.5392 mae:10.56, mse:21.32, Cost: 25.5 sec 
07-18 14:46:11, Epoch 38 Val, MAE: 80.97, MSE: 127.40 Cost 23.9 sec
07-18 14:46:11, --------------------------------------------------Epoch:39/199--------------------------------------------------
07-18 14:46:37, Epoch 39 Train, reg:0.1744, cls_score:1.5184, unsupervised:0.5293 mae:7.89, mse:13.54, Cost: 25.5 sec 
07-18 14:47:01, Epoch 39 Val, MAE: 96.70, MSE: 152.96 Cost 23.8 sec
07-18 14:47:01, --------------------------------------------------Epoch:40/199--------------------------------------------------
07-18 14:47:26, Epoch 40 Train, reg:0.1671, cls_score:1.4801, unsupervised:0.5506 mae:9.69, mse:19.99, Cost: 25.4 sec 
07-18 14:47:53, Epoch 40 Val, MAE: 94.59, MSE: 147.58 Cost 24.4 sec
07-18 14:47:53, --------------------------------------------------Epoch:41/199--------------------------------------------------
07-18 14:48:18, Epoch 41 Train, reg:0.1678, cls_score:1.4800, unsupervised:0.5526 mae:7.64, mse:14.39, Cost: 25.6 sec 
07-18 14:48:42, Epoch 41 Val, MAE: 85.20, MSE: 129.77 Cost 23.9 sec
07-18 14:48:42, --------------------------------------------------Epoch:42/199--------------------------------------------------
07-18 14:49:08, Epoch 42 Train, reg:0.1670, cls_score:1.4884, unsupervised:0.5472 mae:9.64, mse:18.70, Cost: 25.6 sec 
07-18 14:49:32, Epoch 42 Val, MAE: 92.22, MSE: 159.29 Cost 23.7 sec
07-18 14:49:32, --------------------------------------------------Epoch:43/199--------------------------------------------------
07-18 14:49:57, Epoch 43 Train, reg:0.1693, cls_score:1.4846, unsupervised:0.5498 mae:7.96, mse:16.45, Cost: 25.8 sec 
07-18 14:50:21, Epoch 43 Val, MAE: 92.26, MSE: 136.43 Cost 24.0 sec
07-18 14:50:21, --------------------------------------------------Epoch:44/199--------------------------------------------------
07-18 14:50:47, Epoch 44 Train, reg:0.1807, cls_score:1.5417, unsupervised:0.5669 mae:11.63, mse:20.27, Cost: 25.5 sec 
07-18 14:51:11, Epoch 44 Val, MAE: 91.87, MSE: 138.58 Cost 23.9 sec
07-18 14:51:11, --------------------------------------------------Epoch:45/199--------------------------------------------------
07-18 14:51:36, Epoch 45 Train, reg:0.1609, cls_score:1.4356, unsupervised:0.5464 mae:8.37, mse:15.17, Cost: 24.9 sec 
07-18 14:52:02, Epoch 45 Val, MAE: 83.23, MSE: 135.60 Cost 24.4 sec
07-18 14:52:02, --------------------------------------------------Epoch:46/199--------------------------------------------------
07-18 14:52:28, Epoch 46 Train, reg:0.1707, cls_score:1.4744, unsupervised:0.5308 mae:12.78, mse:25.45, Cost: 25.6 sec 
07-18 14:52:52, Epoch 46 Val, MAE: 129.33, MSE: 191.54 Cost 24.0 sec
07-18 14:52:52, --------------------------------------------------Epoch:47/199--------------------------------------------------
07-18 14:53:17, Epoch 47 Train, reg:0.1579, cls_score:1.4337, unsupervised:0.5590 mae:10.26, mse:22.33, Cost: 25.6 sec 
07-18 14:53:41, Epoch 47 Val, MAE: 88.21, MSE: 135.27 Cost 23.8 sec
07-18 14:53:41, --------------------------------------------------Epoch:48/199--------------------------------------------------
07-18 14:54:07, Epoch 48 Train, reg:0.1609, cls_score:1.4582, unsupervised:0.5607 mae:7.58, mse:16.67, Cost: 25.5 sec 
07-18 14:54:31, Epoch 48 Val, MAE: 84.88, MSE: 143.38 Cost 23.9 sec
07-18 14:54:31, --------------------------------------------------Epoch:49/199--------------------------------------------------
07-18 14:54:56, Epoch 49 Train, reg:0.1561, cls_score:1.4362, unsupervised:0.5485 mae:10.81, mse:25.19, Cost: 25.6 sec 
07-18 14:55:20, Epoch 49 Val, MAE: 87.83, MSE: 138.86 Cost 23.9 sec
07-18 14:55:20, --------------------------------------------------Epoch:50/199--------------------------------------------------
07-18 14:55:45, Epoch 50 Train, reg:0.1602, cls_score:1.4530, unsupervised:0.5478 mae:10.48, mse:25.76, Cost: 25.3 sec 
07-18 14:56:15, Epoch 50 Val, MAE: 89.50, MSE: 139.48 Cost 24.3 sec
07-18 14:56:15, --------------------------------------------------Epoch:51/199--------------------------------------------------
07-18 14:56:40, Epoch 51 Train, reg:0.1441, cls_score:1.4013, unsupervised:0.5574 mae:7.04, mse:17.19, Cost: 25.1 sec 
07-18 14:57:04, Epoch 51 Val, MAE: 83.48, MSE: 128.90 Cost 23.8 sec
07-18 14:57:04, --------------------------------------------------Epoch:52/199--------------------------------------------------
07-18 14:57:29, Epoch 52 Train, reg:0.1593, cls_score:1.4528, unsupervised:0.5558 mae:10.02, mse:17.31, Cost: 25.7 sec 
07-18 14:57:53, Epoch 52 Val, MAE: 119.33, MSE: 174.95 Cost 23.9 sec
07-18 14:57:53, --------------------------------------------------Epoch:53/199--------------------------------------------------
07-18 14:58:19, Epoch 53 Train, reg:0.1518, cls_score:1.4597, unsupervised:0.5620 mae:7.85, mse:15.94, Cost: 25.9 sec 
07-18 14:58:43, Epoch 53 Val, MAE: 92.11, MSE: 146.57 Cost 23.7 sec
07-18 14:58:43, --------------------------------------------------Epoch:54/199--------------------------------------------------
07-18 14:59:08, Epoch 54 Train, reg:0.1701, cls_score:1.5059, unsupervised:0.5673 mae:12.64, mse:24.90, Cost: 25.6 sec 
07-18 14:59:32, Epoch 54 Val, MAE: 75.59, MSE: 118.12 Cost 23.9 sec
07-18 14:59:33, Save best model: MAE: 75.59 MSE:118.12 model epoch 54
07-18 14:59:33, --------------------------------------------------Epoch:55/199--------------------------------------------------
07-18 14:59:59, Epoch 55 Train, reg:0.1522, cls_score:1.4536, unsupervised:0.5549 mae:6.54, mse:10.81, Cost: 26.1 sec 
07-18 15:00:25, Epoch 55 Val, MAE: 75.42, MSE: 118.46 Cost 24.3 sec
07-18 15:00:25, --------------------------------------------------Epoch:56/199--------------------------------------------------
07-18 15:00:51, Epoch 56 Train, reg:0.1554, cls_score:1.4301, unsupervised:0.5585 mae:14.01, mse:29.65, Cost: 26.2 sec 
07-18 15:01:15, Epoch 56 Val, MAE: 96.25, MSE: 154.09 Cost 23.8 sec
07-18 15:01:15, --------------------------------------------------Epoch:57/199--------------------------------------------------
07-18 15:01:41, Epoch 57 Train, reg:0.1542, cls_score:1.4429, unsupervised:0.5681 mae:9.12, mse:19.93, Cost: 25.6 sec 
07-18 15:02:05, Epoch 57 Val, MAE: 82.65, MSE: 127.16 Cost 24.0 sec
07-18 15:02:05, --------------------------------------------------Epoch:58/199--------------------------------------------------
07-18 15:02:30, Epoch 58 Train, reg:0.1429, cls_score:1.3310, unsupervised:0.5730 mae:11.13, mse:20.67, Cost: 25.7 sec 
07-18 15:02:54, Epoch 58 Val, MAE: 103.02, MSE: 169.85 Cost 23.9 sec
07-18 15:02:54, --------------------------------------------------Epoch:59/199--------------------------------------------------
07-18 15:03:20, Epoch 59 Train, reg:0.1525, cls_score:1.4830, unsupervised:0.5731 mae:7.97, mse:14.13, Cost: 25.6 sec 
07-18 15:03:44, Epoch 59 Val, MAE: 84.09, MSE: 127.33 Cost 23.9 sec
07-18 15:03:44, --------------------------------------------------Epoch:60/199--------------------------------------------------
07-18 15:04:10, Epoch 60 Train, reg:0.1623, cls_score:1.4574, unsupervised:0.5813 mae:10.49, mse:18.17, Cost: 26.0 sec 
07-18 15:04:36, Epoch 60 Val, MAE: 91.79, MSE: 141.38 Cost 24.3 sec
07-18 15:04:36, --------------------------------------------------Epoch:61/199--------------------------------------------------
07-18 15:05:02, Epoch 61 Train, reg:0.1580, cls_score:1.4950, unsupervised:0.5624 mae:8.71, mse:15.88, Cost: 25.8 sec 
07-18 15:05:26, Epoch 61 Val, MAE: 88.59, MSE: 144.13 Cost 24.0 sec
07-18 15:05:26, --------------------------------------------------Epoch:62/199--------------------------------------------------
07-18 15:05:51, Epoch 62 Train, reg:0.1438, cls_score:1.3893, unsupervised:0.5630 mae:8.04, mse:17.45, Cost: 24.8 sec 
07-18 15:06:15, Epoch 62 Val, MAE: 83.43, MSE: 129.14 Cost 23.9 sec
07-18 15:06:15, --------------------------------------------------Epoch:63/199--------------------------------------------------
07-18 15:06:41, Epoch 63 Train, reg:0.1359, cls_score:1.4029, unsupervised:0.5704 mae:7.90, mse:14.53, Cost: 26.2 sec 
07-18 15:07:05, Epoch 63 Val, MAE: 108.45, MSE: 177.09 Cost 24.1 sec
07-18 15:07:05, --------------------------------------------------Epoch:64/199--------------------------------------------------
07-18 15:07:31, Epoch 64 Train, reg:0.1490, cls_score:1.3692, unsupervised:0.5847 mae:16.01, mse:37.27, Cost: 25.9 sec 
07-18 15:07:55, Epoch 64 Val, MAE: 81.00, MSE: 128.10 Cost 23.9 sec
07-18 15:07:55, --------------------------------------------------Epoch:65/199--------------------------------------------------
07-18 15:08:20, Epoch 65 Train, reg:0.1536, cls_score:1.4626, unsupervised:0.5626 mae:9.54, mse:18.90, Cost: 25.7 sec 
07-18 15:08:47, Epoch 65 Val, MAE: 80.15, MSE: 126.24 Cost 24.2 sec
07-18 15:08:47, --------------------------------------------------Epoch:66/199--------------------------------------------------
07-18 15:09:12, Epoch 66 Train, reg:0.1323, cls_score:1.3490, unsupervised:0.5797 mae:9.79, mse:23.48, Cost: 25.8 sec 
07-18 15:09:36, Epoch 66 Val, MAE: 98.50, MSE: 162.31 Cost 23.8 sec
07-18 15:09:36, --------------------------------------------------Epoch:67/199--------------------------------------------------
07-18 15:10:02, Epoch 67 Train, reg:0.1475, cls_score:1.4188, unsupervised:0.5816 mae:9.70, mse:27.22, Cost: 25.4 sec 
07-18 15:10:25, Epoch 67 Val, MAE: 92.43, MSE: 149.35 Cost 23.7 sec
07-18 15:10:25, --------------------------------------------------Epoch:68/199--------------------------------------------------
07-18 15:10:51, Epoch 68 Train, reg:0.1480, cls_score:1.4345, unsupervised:0.5624 mae:10.73, mse:21.42, Cost: 25.3 sec 
07-18 15:11:15, Epoch 68 Val, MAE: 82.43, MSE: 124.02 Cost 23.9 sec
07-18 15:11:15, --------------------------------------------------Epoch:69/199--------------------------------------------------
07-18 15:11:40, Epoch 69 Train, reg:0.1416, cls_score:1.3748, unsupervised:0.5535 mae:9.62, mse:17.77, Cost: 25.6 sec 
07-18 15:12:04, Epoch 69 Val, MAE: 84.64, MSE: 127.26 Cost 23.9 sec
07-18 15:12:04, --------------------------------------------------Epoch:70/199--------------------------------------------------
07-18 15:12:29, Epoch 70 Train, reg:0.1366, cls_score:1.3621, unsupervised:0.5787 mae:7.46, mse:13.70, Cost: 24.9 sec 
07-18 15:12:59, Epoch 70 Val, MAE: 86.46, MSE: 139.23 Cost 24.2 sec
07-18 15:12:59, --------------------------------------------------Epoch:71/199--------------------------------------------------
07-18 15:13:25, Epoch 71 Train, reg:0.1431, cls_score:1.4392, unsupervised:0.5768 mae:8.39, mse:16.40, Cost: 25.3 sec 
07-18 15:13:48, Epoch 71 Val, MAE: 82.23, MSE: 127.00 Cost 23.8 sec
07-18 15:13:48, --------------------------------------------------Epoch:72/199--------------------------------------------------
07-18 15:14:14, Epoch 72 Train, reg:0.1395, cls_score:1.3889, unsupervised:0.5603 mae:9.33, mse:21.45, Cost: 25.4 sec 
07-18 15:14:38, Epoch 72 Val, MAE: 89.59, MSE: 132.48 Cost 23.9 sec
07-18 15:14:38, --------------------------------------------------Epoch:73/199--------------------------------------------------
07-18 15:15:03, Epoch 73 Train, reg:0.1291, cls_score:1.3257, unsupervised:0.5893 mae:5.66, mse:9.70, Cost: 25.3 sec 
07-18 15:15:27, Epoch 73 Val, MAE: 81.90, MSE: 124.52 Cost 23.7 sec
07-18 15:15:27, --------------------------------------------------Epoch:74/199--------------------------------------------------
07-18 15:15:52, Epoch 74 Train, reg:0.1358, cls_score:1.3564, unsupervised:0.5905 mae:7.60, mse:14.16, Cost: 25.3 sec 
07-18 15:16:16, Epoch 74 Val, MAE: 81.34, MSE: 123.57 Cost 23.9 sec
07-18 15:16:16, --------------------------------------------------Epoch:75/199--------------------------------------------------
07-18 15:16:42, Epoch 75 Train, reg:0.1316, cls_score:1.3072, unsupervised:0.5855 mae:6.23, mse:14.97, Cost: 25.6 sec 
07-18 15:17:08, Epoch 75 Val, MAE: 81.34, MSE: 127.14 Cost 24.3 sec
07-18 15:17:08, --------------------------------------------------Epoch:76/199--------------------------------------------------
07-18 15:17:33, Epoch 76 Train, reg:0.1224, cls_score:1.2714, unsupervised:0.5824 mae:8.94, mse:17.67, Cost: 25.6 sec 
07-18 15:17:57, Epoch 76 Val, MAE: 107.99, MSE: 164.63 Cost 23.6 sec
07-18 15:17:57, --------------------------------------------------Epoch:77/199--------------------------------------------------
07-18 15:18:22, Epoch 77 Train, reg:0.1344, cls_score:1.3878, unsupervised:0.5861 mae:6.76, mse:13.14, Cost: 25.3 sec 
07-18 15:18:46, Epoch 77 Val, MAE: 80.40, MSE: 128.01 Cost 23.9 sec
07-18 15:18:46, --------------------------------------------------Epoch:78/199--------------------------------------------------
07-18 15:19:12, Epoch 78 Train, reg:0.1360, cls_score:1.3553, unsupervised:0.5755 mae:8.17, mse:17.17, Cost: 25.7 sec 
07-18 15:19:36, Epoch 78 Val, MAE: 78.90, MSE: 126.35 Cost 23.9 sec
07-18 15:19:36, --------------------------------------------------Epoch:79/199--------------------------------------------------
07-18 15:20:01, Epoch 79 Train, reg:0.1344, cls_score:1.3254, unsupervised:0.5796 mae:6.12, mse:11.70, Cost: 24.9 sec 
07-18 15:20:25, Epoch 79 Val, MAE: 97.85, MSE: 155.88 Cost 23.9 sec
07-18 15:20:25, --------------------------------------------------Epoch:80/199--------------------------------------------------
07-18 15:20:50, Epoch 80 Train, reg:0.1386, cls_score:1.4182, unsupervised:0.5860 mae:7.62, mse:14.89, Cost: 25.4 sec 
07-18 15:21:16, Epoch 80 Val, MAE: 91.78, MSE: 152.21 Cost 24.3 sec
07-18 15:21:16, --------------------------------------------------Epoch:81/199--------------------------------------------------
07-18 15:21:42, Epoch 81 Train, reg:0.1286, cls_score:1.3301, unsupervised:0.5738 mae:5.40, mse:8.96, Cost: 25.6 sec 
07-18 15:22:06, Epoch 81 Val, MAE: 83.88, MSE: 131.28 Cost 23.8 sec
07-18 15:22:06, --------------------------------------------------Epoch:82/199--------------------------------------------------
07-18 15:22:31, Epoch 82 Train, reg:0.1281, cls_score:1.3191, unsupervised:0.6099 mae:6.72, mse:12.22, Cost: 25.2 sec 
07-18 15:22:55, Epoch 82 Val, MAE: 96.53, MSE: 151.20 Cost 23.9 sec
07-18 15:22:55, --------------------------------------------------Epoch:83/199--------------------------------------------------
07-18 15:23:20, Epoch 83 Train, reg:0.1274, cls_score:1.3456, unsupervised:0.5932 mae:10.25, mse:19.20, Cost: 25.6 sec 
07-18 15:23:44, Epoch 83 Val, MAE: 86.48, MSE: 148.03 Cost 23.9 sec
07-18 15:23:44, --------------------------------------------------Epoch:84/199--------------------------------------------------
07-18 15:24:10, Epoch 84 Train, reg:0.1284, cls_score:1.2922, unsupervised:0.5666 mae:7.61, mse:14.88, Cost: 25.4 sec 
07-18 15:24:33, Epoch 84 Val, MAE: 88.43, MSE: 132.90 Cost 23.8 sec
07-18 15:24:33, --------------------------------------------------Epoch:85/199--------------------------------------------------
07-18 15:24:59, Epoch 85 Train, reg:0.1280, cls_score:1.3205, unsupervised:0.5928 mae:11.90, mse:22.56, Cost: 25.5 sec 
07-18 15:25:25, Epoch 85 Val, MAE: 91.42, MSE: 151.87 Cost 24.4 sec
07-18 15:25:25, --------------------------------------------------Epoch:86/199--------------------------------------------------
07-18 15:25:51, Epoch 86 Train, reg:0.1238, cls_score:1.2919, unsupervised:0.5846 mae:10.48, mse:30.72, Cost: 25.6 sec 
07-18 15:26:15, Epoch 86 Val, MAE: 78.86, MSE: 124.96 Cost 23.9 sec
07-18 15:26:15, --------------------------------------------------Epoch:87/199--------------------------------------------------
07-18 15:26:40, Epoch 87 Train, reg:0.1309, cls_score:1.3542, unsupervised:0.5696 mae:7.01, mse:14.43, Cost: 25.2 sec 
07-18 15:27:04, Epoch 87 Val, MAE: 102.39, MSE: 169.39 Cost 23.8 sec
07-18 15:27:04, --------------------------------------------------Epoch:88/199--------------------------------------------------
07-18 15:27:30, Epoch 88 Train, reg:0.1267, cls_score:1.3272, unsupervised:0.5832 mae:9.04, mse:18.63, Cost: 25.6 sec 
07-18 15:27:53, Epoch 88 Val, MAE: 85.06, MSE: 135.43 Cost 24.0 sec
07-18 15:27:53, --------------------------------------------------Epoch:89/199--------------------------------------------------
07-18 15:28:19, Epoch 89 Train, reg:0.1229, cls_score:1.3015, unsupervised:0.5904 mae:6.96, mse:13.63, Cost: 25.5 sec 
07-18 15:28:43, Epoch 89 Val, MAE: 84.07, MSE: 129.05 Cost 23.7 sec
07-18 15:28:43, --------------------------------------------------Epoch:90/199--------------------------------------------------
07-18 15:29:08, Epoch 90 Train, reg:0.1316, cls_score:1.4024, unsupervised:0.6001 mae:9.22, mse:16.34, Cost: 25.3 sec 
07-18 15:29:35, Epoch 90 Val, MAE: 80.09, MSE: 125.88 Cost 24.3 sec
07-18 15:29:35, --------------------------------------------------Epoch:91/199--------------------------------------------------
07-18 15:30:00, Epoch 91 Train, reg:0.1322, cls_score:1.3979, unsupervised:0.5702 mae:7.88, mse:15.41, Cost: 25.4 sec 
07-18 15:30:24, Epoch 91 Val, MAE: 81.22, MSE: 132.67 Cost 23.9 sec
07-18 15:30:24, --------------------------------------------------Epoch:92/199--------------------------------------------------
07-18 15:30:49, Epoch 92 Train, reg:0.1238, cls_score:1.3215, unsupervised:0.6153 mae:6.61, mse:10.44, Cost: 25.5 sec 
07-18 15:31:13, Epoch 92 Val, MAE: 81.79, MSE: 136.41 Cost 23.7 sec
07-18 15:31:13, --------------------------------------------------Epoch:93/199--------------------------------------------------
07-18 15:31:38, Epoch 93 Train, reg:0.1188, cls_score:1.3169, unsupervised:0.5911 mae:8.52, mse:23.03, Cost: 25.4 sec 
07-18 15:32:02, Epoch 93 Val, MAE: 81.34, MSE: 132.75 Cost 23.9 sec
07-18 15:32:02, --------------------------------------------------Epoch:94/199--------------------------------------------------
07-18 15:32:28, Epoch 94 Train, reg:0.1366, cls_score:1.3604, unsupervised:0.6080 mae:13.21, mse:26.09, Cost: 25.6 sec 
07-18 15:32:52, Epoch 94 Val, MAE: 86.04, MSE: 137.78 Cost 23.8 sec
07-18 15:32:52, --------------------------------------------------Epoch:95/199--------------------------------------------------
07-18 15:33:17, Epoch 95 Train, reg:0.1185, cls_score:1.2877, unsupervised:0.5708 mae:7.50, mse:18.71, Cost: 25.1 sec 
07-18 15:33:43, Epoch 95 Val, MAE: 78.98, MSE: 127.54 Cost 24.2 sec
07-18 15:33:43, --------------------------------------------------Epoch:96/199--------------------------------------------------
07-18 15:34:09, Epoch 96 Train, reg:0.1254, cls_score:1.3416, unsupervised:0.6050 mae:6.42, mse:10.51, Cost: 25.7 sec 
07-18 15:34:33, Epoch 96 Val, MAE: 88.98, MSE: 145.91 Cost 24.0 sec
07-18 15:34:33, --------------------------------------------------Epoch:97/199--------------------------------------------------
07-18 15:34:59, Epoch 97 Train, reg:0.1220, cls_score:1.2887, unsupervised:0.5783 mae:7.83, mse:15.91, Cost: 25.5 sec 
07-18 15:35:22, Epoch 97 Val, MAE: 87.02, MSE: 143.70 Cost 23.9 sec
07-18 15:35:22, --------------------------------------------------Epoch:98/199--------------------------------------------------
07-18 15:35:47, Epoch 98 Train, reg:0.1192, cls_score:1.2955, unsupervised:0.6249 mae:7.41, mse:13.61, Cost: 24.7 sec 
07-18 15:36:11, Epoch 98 Val, MAE: 82.46, MSE: 126.93 Cost 23.9 sec
07-18 15:36:11, --------------------------------------------------Epoch:99/199--------------------------------------------------
07-18 15:36:37, Epoch 99 Train, reg:0.1286, cls_score:1.3705, unsupervised:0.5989 mae:10.80, mse:21.38, Cost: 25.4 sec 
07-18 15:37:00, Epoch 99 Val, MAE: 96.26, MSE: 144.47 Cost 23.9 sec
07-18 15:37:00, --------------------------------------------------Epoch:100/199--------------------------------------------------
07-18 15:37:25, Epoch 100 Train, reg:0.1142, cls_score:1.2700, unsupervised:0.5909 mae:6.17, mse:11.49, Cost: 25.1 sec 
07-18 15:37:52, Epoch 100 Val, MAE: 87.31, MSE: 145.20 Cost 24.1 sec
07-18 15:37:52, --------------------------------------------------Epoch:101/199--------------------------------------------------
07-18 15:38:17, Epoch 101 Train, reg:0.1289, cls_score:1.3431, unsupervised:0.5870 mae:10.73, mse:21.60, Cost: 25.1 sec 
07-18 15:38:41, Epoch 101 Val, MAE: 80.54, MSE: 121.93 Cost 24.0 sec
07-18 15:38:41, --------------------------------------------------Epoch:102/199--------------------------------------------------
07-18 15:39:06, Epoch 102 Train, reg:0.1168, cls_score:1.3000, unsupervised:0.5883 mae:8.62, mse:16.34, Cost: 25.4 sec 
07-18 15:39:30, Epoch 102 Val, MAE: 85.76, MSE: 132.38 Cost 24.0 sec
07-18 15:39:30, --------------------------------------------------Epoch:103/199--------------------------------------------------
07-18 15:39:55, Epoch 103 Train, reg:0.1159, cls_score:1.2711, unsupervised:0.6264 mae:6.32, mse:10.91, Cost: 24.7 sec 
07-18 15:40:19, Epoch 103 Val, MAE: 76.00, MSE: 119.66 Cost 23.9 sec
07-18 15:40:19, --------------------------------------------------Epoch:104/199--------------------------------------------------
07-18 15:40:44, Epoch 104 Train, reg:0.1124, cls_score:1.2809, unsupervised:0.6172 mae:6.37, mse:12.46, Cost: 25.3 sec 
07-18 15:41:08, Epoch 104 Val, MAE: 78.97, MSE: 127.16 Cost 23.8 sec
07-18 15:41:08, --------------------------------------------------Epoch:105/199--------------------------------------------------
07-18 15:41:33, Epoch 105 Train, reg:0.1216, cls_score:1.2859, unsupervised:0.6063 mae:7.83, mse:14.69, Cost: 25.6 sec 
07-18 15:42:06, Epoch 105 Val, MAE: 107.59, MSE: 162.59 Cost 24.2 sec
07-18 15:42:06, --------------------------------------------------Epoch:106/199--------------------------------------------------
07-18 15:42:31, Epoch 106 Train, reg:0.1275, cls_score:1.3614, unsupervised:0.6095 mae:8.05, mse:16.25, Cost: 25.6 sec 
07-18 15:42:55, Epoch 106 Val, MAE: 90.58, MSE: 146.73 Cost 23.8 sec
07-18 15:42:55, --------------------------------------------------Epoch:107/199--------------------------------------------------
07-18 15:43:20, Epoch 107 Train, reg:0.1240, cls_score:1.2934, unsupervised:0.6032 mae:11.75, mse:23.59, Cost: 24.6 sec 
07-18 15:43:44, Epoch 107 Val, MAE: 87.10, MSE: 134.04 Cost 23.9 sec
07-18 15:43:44, --------------------------------------------------Epoch:108/199--------------------------------------------------
07-18 15:44:09, Epoch 108 Train, reg:0.1244, cls_score:1.3302, unsupervised:0.5970 mae:8.80, mse:17.15, Cost: 25.2 sec 
07-18 15:44:33, Epoch 108 Val, MAE: 83.02, MSE: 131.07 Cost 23.9 sec
07-18 15:44:33, --------------------------------------------------Epoch:109/199--------------------------------------------------
07-18 15:44:58, Epoch 109 Train, reg:0.1175, cls_score:1.2899, unsupervised:0.6000 mae:10.67, mse:19.84, Cost: 25.0 sec 
07-18 15:45:22, Epoch 109 Val, MAE: 85.25, MSE: 141.07 Cost 23.8 sec
07-18 15:45:22, --------------------------------------------------Epoch:110/199--------------------------------------------------
07-18 15:45:47, Epoch 110 Train, reg:0.1101, cls_score:1.2155, unsupervised:0.5949 mae:10.25, mse:25.08, Cost: 25.5 sec 
07-18 15:46:14, Epoch 110 Val, MAE: 92.73, MSE: 148.29 Cost 24.3 sec
07-18 15:46:14, --------------------------------------------------Epoch:111/199--------------------------------------------------
07-18 15:46:39, Epoch 111 Train, reg:0.1198, cls_score:1.2995, unsupervised:0.6046 mae:10.81, mse:22.93, Cost: 25.6 sec 
07-18 15:47:03, Epoch 111 Val, MAE: 98.75, MSE: 165.75 Cost 23.8 sec
07-18 15:47:03, --------------------------------------------------Epoch:112/199--------------------------------------------------
07-18 15:47:28, Epoch 112 Train, reg:0.1022, cls_score:1.2320, unsupervised:0.6164 mae:5.61, mse:10.88, Cost: 25.0 sec 
07-18 15:47:52, Epoch 112 Val, MAE: 83.13, MSE: 131.85 Cost 23.8 sec
07-18 15:47:52, --------------------------------------------------Epoch:113/199--------------------------------------------------
07-18 15:48:17, Epoch 113 Train, reg:0.1165, cls_score:1.2663, unsupervised:0.6070 mae:11.89, mse:30.35, Cost: 25.6 sec 
07-18 15:48:41, Epoch 113 Val, MAE: 83.44, MSE: 130.26 Cost 23.9 sec
07-18 15:48:41, --------------------------------------------------Epoch:114/199--------------------------------------------------
07-18 15:49:07, Epoch 114 Train, reg:0.1091, cls_score:1.1698, unsupervised:0.6145 mae:9.46, mse:22.05, Cost: 25.6 sec 
07-18 15:49:31, Epoch 114 Val, MAE: 85.86, MSE: 126.71 Cost 23.8 sec
07-18 15:49:31, --------------------------------------------------Epoch:115/199--------------------------------------------------
07-18 15:49:56, Epoch 115 Train, reg:0.1091, cls_score:1.2724, unsupervised:0.6193 mae:5.73, mse:10.59, Cost: 25.7 sec 
07-18 15:50:31, Epoch 115 Val, MAE: 79.08, MSE: 125.75 Cost 24.4 sec
07-18 15:50:31, --------------------------------------------------Epoch:116/199--------------------------------------------------
07-18 15:50:57, Epoch 116 Train, reg:0.1075, cls_score:1.2678, unsupervised:0.6123 mae:7.02, mse:13.16, Cost: 25.8 sec 
07-18 15:51:21, Epoch 116 Val, MAE: 93.31, MSE: 155.73 Cost 23.8 sec
07-18 15:51:21, --------------------------------------------------Epoch:117/199--------------------------------------------------
07-18 15:51:46, Epoch 117 Train, reg:0.1105, cls_score:1.2502, unsupervised:0.6163 mae:4.14, mse:6.86, Cost: 25.2 sec 
07-18 15:52:10, Epoch 117 Val, MAE: 99.29, MSE: 147.13 Cost 23.9 sec
07-18 15:52:10, --------------------------------------------------Epoch:118/199--------------------------------------------------
07-18 15:52:35, Epoch 118 Train, reg:0.1109, cls_score:1.2894, unsupervised:0.6229 mae:8.13, mse:18.71, Cost: 25.5 sec 
07-18 15:52:59, Epoch 118 Val, MAE: 90.61, MSE: 145.76 Cost 23.9 sec
07-18 15:52:59, --------------------------------------------------Epoch:119/199--------------------------------------------------
07-18 15:53:24, Epoch 119 Train, reg:0.1072, cls_score:1.2476, unsupervised:0.6130 mae:6.73, mse:11.72, Cost: 25.0 sec 
07-18 15:53:48, Epoch 119 Val, MAE: 88.15, MSE: 138.13 Cost 23.8 sec
07-18 15:53:48, --------------------------------------------------Epoch:120/199--------------------------------------------------
07-18 15:54:13, Epoch 120 Train, reg:0.1126, cls_score:1.2622, unsupervised:0.6166 mae:8.26, mse:18.98, Cost: 25.3 sec 
07-18 15:54:40, Epoch 120 Val, MAE: 79.09, MSE: 124.60 Cost 24.3 sec
07-18 15:54:40, --------------------------------------------------Epoch:121/199--------------------------------------------------
07-18 15:55:06, Epoch 121 Train, reg:0.1130, cls_score:1.2593, unsupervised:0.6062 mae:10.92, mse:20.33, Cost: 25.7 sec 
07-18 15:55:30, Epoch 121 Val, MAE: 82.87, MSE: 130.88 Cost 23.9 sec
07-18 15:55:30, --------------------------------------------------Epoch:122/199--------------------------------------------------
07-18 15:55:55, Epoch 122 Train, reg:0.1055, cls_score:1.1785, unsupervised:0.6265 mae:9.67, mse:20.31, Cost: 24.9 sec 
07-18 15:56:19, Epoch 122 Val, MAE: 91.86, MSE: 150.17 Cost 23.9 sec
07-18 15:56:19, --------------------------------------------------Epoch:123/199--------------------------------------------------
07-18 15:56:44, Epoch 123 Train, reg:0.1196, cls_score:1.2956, unsupervised:0.6119 mae:11.49, mse:25.09, Cost: 25.6 sec 
07-18 15:57:08, Epoch 123 Val, MAE: 108.23, MSE: 192.73 Cost 23.9 sec
07-18 15:57:08, --------------------------------------------------Epoch:124/199--------------------------------------------------
07-18 15:57:34, Epoch 124 Train, reg:0.1131, cls_score:1.2458, unsupervised:0.6103 mae:7.55, mse:14.40, Cost: 25.6 sec 
07-18 15:57:58, Epoch 124 Val, MAE: 84.19, MSE: 132.52 Cost 23.7 sec
07-18 15:57:58, --------------------------------------------------Epoch:125/199--------------------------------------------------
07-18 15:58:24, Epoch 125 Train, reg:0.1143, cls_score:1.2555, unsupervised:0.6312 mae:9.25, mse:19.25, Cost: 25.8 sec 
07-18 15:58:56, Epoch 125 Val, MAE: 96.19, MSE: 148.41 Cost 24.3 sec
07-18 15:58:56, --------------------------------------------------Epoch:126/199--------------------------------------------------
07-18 15:59:22, Epoch 126 Train, reg:0.1176, cls_score:1.3128, unsupervised:0.6100 mae:7.11, mse:17.60, Cost: 25.4 sec 
07-18 15:59:45, Epoch 126 Val, MAE: 82.81, MSE: 140.44 Cost 23.7 sec
07-18 15:59:45, --------------------------------------------------Epoch:127/199--------------------------------------------------
07-18 16:00:11, Epoch 127 Train, reg:0.1121, cls_score:1.2855, unsupervised:0.6082 mae:8.89, mse:15.00, Cost: 25.3 sec 
07-18 16:00:35, Epoch 127 Val, MAE: 79.00, MSE: 130.44 Cost 24.1 sec
07-18 16:00:35, --------------------------------------------------Epoch:128/199--------------------------------------------------
07-18 16:01:01, Epoch 128 Train, reg:0.1047, cls_score:1.2380, unsupervised:0.6218 mae:4.62, mse:9.13, Cost: 26.1 sec 
07-18 16:01:25, Epoch 128 Val, MAE: 83.04, MSE: 135.44 Cost 23.8 sec
07-18 16:01:25, --------------------------------------------------Epoch:129/199--------------------------------------------------
07-18 16:01:50, Epoch 129 Train, reg:0.0994, cls_score:1.2155, unsupervised:0.6192 mae:5.93, mse:11.27, Cost: 25.3 sec 
07-18 16:02:14, Epoch 129 Val, MAE: 81.84, MSE: 136.41 Cost 23.9 sec
07-18 16:02:14, --------------------------------------------------Epoch:130/199--------------------------------------------------
07-18 16:02:39, Epoch 130 Train, reg:0.1082, cls_score:1.2621, unsupervised:0.6258 mae:7.85, mse:18.49, Cost: 25.4 sec 
07-18 16:03:06, Epoch 130 Val, MAE: 79.00, MSE: 131.53 Cost 24.4 sec
07-18 16:03:06, --------------------------------------------------Epoch:131/199--------------------------------------------------
07-18 16:03:32, Epoch 131 Train, reg:0.1080, cls_score:1.2580, unsupervised:0.6276 mae:7.57, mse:14.17, Cost: 26.4 sec 
07-18 16:03:56, Epoch 131 Val, MAE: 87.39, MSE: 142.46 Cost 23.8 sec
07-18 16:03:56, --------------------------------------------------Epoch:132/199--------------------------------------------------
07-18 16:04:22, Epoch 132 Train, reg:0.1062, cls_score:1.2258, unsupervised:0.6396 mae:6.98, mse:15.44, Cost: 25.9 sec 
07-18 16:04:46, Epoch 132 Val, MAE: 85.58, MSE: 132.08 Cost 24.1 sec
07-18 16:04:46, --------------------------------------------------Epoch:133/199--------------------------------------------------
07-18 16:05:12, Epoch 133 Train, reg:0.1062, cls_score:1.2058, unsupervised:0.6230 mae:7.94, mse:14.12, Cost: 26.1 sec 
07-18 16:05:36, Epoch 133 Val, MAE: 88.08, MSE: 139.91 Cost 24.1 sec
07-18 16:05:36, --------------------------------------------------Epoch:134/199--------------------------------------------------
07-18 16:06:02, Epoch 134 Train, reg:0.1079, cls_score:1.2476, unsupervised:0.6138 mae:11.14, mse:23.09, Cost: 25.9 sec 
07-18 16:06:26, Epoch 134 Val, MAE: 88.77, MSE: 144.63 Cost 23.9 sec
07-18 16:06:26, --------------------------------------------------Epoch:135/199--------------------------------------------------
07-18 16:06:52, Epoch 135 Train, reg:0.1164, cls_score:1.3075, unsupervised:0.6134 mae:7.54, mse:13.68, Cost: 25.9 sec 
07-18 16:07:21, Epoch 135 Val, MAE: 79.24, MSE: 129.93 Cost 24.2 sec
07-18 16:07:21, --------------------------------------------------Epoch:136/199--------------------------------------------------
07-18 16:07:47, Epoch 136 Train, reg:0.1055, cls_score:1.2158, unsupervised:0.6204 mae:7.04, mse:15.33, Cost: 25.8 sec 
07-18 16:08:11, Epoch 136 Val, MAE: 90.59, MSE: 142.76 Cost 23.9 sec
07-18 16:08:11, --------------------------------------------------Epoch:137/199--------------------------------------------------
07-18 16:08:37, Epoch 137 Train, reg:0.0902, cls_score:1.1313, unsupervised:0.6108 mae:6.28, mse:12.50, Cost: 25.6 sec 
07-18 16:09:01, Epoch 137 Val, MAE: 82.07, MSE: 134.54 Cost 24.0 sec
07-18 16:09:01, --------------------------------------------------Epoch:138/199--------------------------------------------------
07-18 16:09:27, Epoch 138 Train, reg:0.1068, cls_score:1.2283, unsupervised:0.6184 mae:7.22, mse:12.93, Cost: 25.8 sec 
07-18 16:09:51, Epoch 138 Val, MAE: 96.54, MSE: 144.33 Cost 23.9 sec
07-18 16:09:51, --------------------------------------------------Epoch:139/199--------------------------------------------------
07-18 16:10:16, Epoch 139 Train, reg:0.1090, cls_score:1.2668, unsupervised:0.6265 mae:15.02, mse:35.37, Cost: 25.7 sec 
07-18 16:10:40, Epoch 139 Val, MAE: 102.40, MSE: 181.32 Cost 24.1 sec
07-18 16:10:40, --------------------------------------------------Epoch:140/199--------------------------------------------------
07-18 16:11:06, Epoch 140 Train, reg:0.1094, cls_score:1.2608, unsupervised:0.6223 mae:7.08, mse:14.88, Cost: 25.9 sec 
07-18 16:11:34, Epoch 140 Val, MAE: 80.88, MSE: 132.08 Cost 24.4 sec
07-18 16:11:34, --------------------------------------------------Epoch:141/199--------------------------------------------------
07-18 16:12:00, Epoch 141 Train, reg:0.0906, cls_score:1.1469, unsupervised:0.6214 mae:6.64, mse:14.67, Cost: 26.2 sec 
07-18 16:12:24, Epoch 141 Val, MAE: 87.08, MSE: 140.32 Cost 23.8 sec
07-18 16:12:24, --------------------------------------------------Epoch:142/199--------------------------------------------------
07-18 16:12:50, Epoch 142 Train, reg:0.1056, cls_score:1.2382, unsupervised:0.6279 mae:10.00, mse:18.57, Cost: 26.0 sec 
07-18 16:13:14, Epoch 142 Val, MAE: 81.57, MSE: 132.57 Cost 24.0 sec
07-18 16:13:14, --------------------------------------------------Epoch:143/199--------------------------------------------------
07-18 16:13:40, Epoch 143 Train, reg:0.0951, cls_score:1.1810, unsupervised:0.6581 mae:7.18, mse:14.82, Cost: 25.7 sec 
07-18 16:14:04, Epoch 143 Val, MAE: 74.75, MSE: 117.32 Cost 24.0 sec
07-18 16:14:04, Save best model: MAE: 74.75 MSE:117.32 model epoch 143
07-18 16:14:04, --------------------------------------------------Epoch:144/199--------------------------------------------------
07-18 16:14:30, Epoch 144 Train, reg:0.1071, cls_score:1.2468, unsupervised:0.6348 mae:6.65, mse:12.92, Cost: 26.1 sec 
07-18 16:14:54, Epoch 144 Val, MAE: 109.69, MSE: 169.15 Cost 23.9 sec
07-18 16:14:54, --------------------------------------------------Epoch:145/199--------------------------------------------------
07-18 16:15:20, Epoch 145 Train, reg:0.1092, cls_score:1.2361, unsupervised:0.6254 mae:12.20, mse:22.10, Cost: 26.5 sec 
07-18 16:15:47, Epoch 145 Val, MAE: 81.21, MSE: 123.57 Cost 24.8 sec
07-18 16:15:47, --------------------------------------------------Epoch:146/199--------------------------------------------------
07-18 16:16:14, Epoch 146 Train, reg:0.1094, cls_score:1.2310, unsupervised:0.6131 mae:9.12, mse:17.44, Cost: 26.4 sec 
07-18 16:16:38, Epoch 146 Val, MAE: 80.90, MSE: 133.54 Cost 24.2 sec
07-18 16:16:38, --------------------------------------------------Epoch:147/199--------------------------------------------------
07-18 16:17:04, Epoch 147 Train, reg:0.0998, cls_score:1.2167, unsupervised:0.6319 mae:5.58, mse:9.76, Cost: 26.3 sec 
07-18 16:17:28, Epoch 147 Val, MAE: 84.52, MSE: 136.99 Cost 24.0 sec
07-18 16:17:28, --------------------------------------------------Epoch:148/199--------------------------------------------------
07-18 16:17:54, Epoch 148 Train, reg:0.0929, cls_score:1.1547, unsupervised:0.6315 mae:5.35, mse:12.22, Cost: 25.9 sec 
07-18 16:18:18, Epoch 148 Val, MAE: 89.75, MSE: 146.80 Cost 24.0 sec
07-18 16:18:18, --------------------------------------------------Epoch:149/199--------------------------------------------------
07-18 16:18:44, Epoch 149 Train, reg:0.1027, cls_score:1.2352, unsupervised:0.6337 mae:5.99, mse:11.52, Cost: 25.9 sec 
07-18 16:19:08, Epoch 149 Val, MAE: 88.73, MSE: 143.50 Cost 24.0 sec
07-18 16:19:08, --------------------------------------------------Epoch:150/199--------------------------------------------------
07-18 16:19:33, Epoch 150 Train, reg:0.1079, cls_score:1.2064, unsupervised:0.6330 mae:9.00, mse:19.60, Cost: 25.3 sec 
07-18 16:20:00, Epoch 150 Val, MAE: 88.84, MSE: 139.31 Cost 24.3 sec
07-18 16:20:00, --------------------------------------------------Epoch:151/199--------------------------------------------------
07-18 16:20:26, Epoch 151 Train, reg:0.1006, cls_score:1.1973, unsupervised:0.6270 mae:9.29, mse:22.85, Cost: 25.8 sec 
07-18 16:20:50, Epoch 151 Val, MAE: 83.00, MSE: 132.47 Cost 24.0 sec
07-18 16:20:50, --------------------------------------------------Epoch:152/199--------------------------------------------------
07-18 16:21:15, Epoch 152 Train, reg:0.0968, cls_score:1.1534, unsupervised:0.6239 mae:10.51, mse:18.61, Cost: 25.4 sec 
07-18 16:21:39, Epoch 152 Val, MAE: 83.74, MSE: 132.72 Cost 24.0 sec
07-18 16:21:39, --------------------------------------------------Epoch:153/199--------------------------------------------------
07-18 16:22:04, Epoch 153 Train, reg:0.0956, cls_score:1.1818, unsupervised:0.6286 mae:8.22, mse:20.68, Cost: 25.0 sec 
07-18 16:22:28, Epoch 153 Val, MAE: 85.64, MSE: 137.50 Cost 23.9 sec
07-18 16:22:28, --------------------------------------------------Epoch:154/199--------------------------------------------------
07-18 16:22:54, Epoch 154 Train, reg:0.0982, cls_score:1.2072, unsupervised:0.6198 mae:7.82, mse:15.16, Cost: 25.8 sec 
07-18 16:23:18, Epoch 154 Val, MAE: 81.23, MSE: 126.56 Cost 23.9 sec
07-18 16:23:18, --------------------------------------------------Epoch:155/199--------------------------------------------------
07-18 16:23:44, Epoch 155 Train, reg:0.0894, cls_score:1.1736, unsupervised:0.6338 mae:8.15, mse:22.15, Cost: 26.0 sec 
07-18 16:24:10, Epoch 155 Val, MAE: 114.79, MSE: 187.83 Cost 24.4 sec
07-18 16:24:10, --------------------------------------------------Epoch:156/199--------------------------------------------------
07-18 16:24:35, Epoch 156 Train, reg:0.1053, cls_score:1.2788, unsupervised:0.6414 mae:7.51, mse:14.69, Cost: 25.2 sec 
07-18 16:24:59, Epoch 156 Val, MAE: 83.64, MSE: 138.61 Cost 24.0 sec
07-18 16:24:59, --------------------------------------------------Epoch:157/199--------------------------------------------------
07-18 16:25:26, Epoch 157 Train, reg:0.0907, cls_score:1.1541, unsupervised:0.6406 mae:8.88, mse:16.72, Cost: 26.4 sec 
07-18 16:25:50, Epoch 157 Val, MAE: 82.08, MSE: 130.61 Cost 24.0 sec
07-18 16:25:50, --------------------------------------------------Epoch:158/199--------------------------------------------------
07-18 16:26:16, Epoch 158 Train, reg:0.0952, cls_score:1.1782, unsupervised:0.6258 mae:9.65, mse:19.40, Cost: 26.0 sec 
07-18 16:26:40, Epoch 158 Val, MAE: 89.98, MSE: 144.43 Cost 23.8 sec
07-18 16:26:40, --------------------------------------------------Epoch:159/199--------------------------------------------------
07-18 16:27:05, Epoch 159 Train, reg:0.0906, cls_score:1.1438, unsupervised:0.6489 mae:7.14, mse:18.67, Cost: 25.3 sec 
07-18 16:27:29, Epoch 159 Val, MAE: 83.26, MSE: 135.66 Cost 24.0 sec
07-18 16:27:29, --------------------------------------------------Epoch:160/199--------------------------------------------------
07-18 16:27:55, Epoch 160 Train, reg:0.0955, cls_score:1.1987, unsupervised:0.6265 mae:7.85, mse:16.15, Cost: 26.0 sec 
07-18 16:28:21, Epoch 160 Val, MAE: 90.30, MSE: 159.53 Cost 24.3 sec
07-18 16:28:21, --------------------------------------------------Epoch:161/199--------------------------------------------------
07-18 16:28:47, Epoch 161 Train, reg:0.0992, cls_score:1.2184, unsupervised:0.6555 mae:9.39, mse:18.54, Cost: 26.0 sec 
07-18 16:29:11, Epoch 161 Val, MAE: 92.81, MSE: 144.14 Cost 23.8 sec
07-18 16:29:11, --------------------------------------------------Epoch:162/199--------------------------------------------------
07-18 16:29:36, Epoch 162 Train, reg:0.0926, cls_score:1.1386, unsupervised:0.6562 mae:7.63, mse:13.82, Cost: 25.1 sec 
07-18 16:30:00, Epoch 162 Val, MAE: 92.50, MSE: 142.78 Cost 24.0 sec
07-18 16:30:00, --------------------------------------------------Epoch:163/199--------------------------------------------------
07-18 16:30:26, Epoch 163 Train, reg:0.0957, cls_score:1.1990, unsupervised:0.6637 mae:8.18, mse:22.68, Cost: 25.7 sec 
07-18 16:30:50, Epoch 163 Val, MAE: 91.16, MSE: 155.65 Cost 24.1 sec
07-18 16:30:50, --------------------------------------------------Epoch:164/199--------------------------------------------------
07-18 16:31:16, Epoch 164 Train, reg:0.0912, cls_score:1.1783, unsupervised:0.6473 mae:6.44, mse:13.83, Cost: 25.7 sec 
07-18 16:31:39, Epoch 164 Val, MAE: 83.81, MSE: 134.81 Cost 23.8 sec
07-18 16:31:39, --------------------------------------------------Epoch:165/199--------------------------------------------------
07-18 16:32:05, Epoch 165 Train, reg:0.0957, cls_score:1.1540, unsupervised:0.6419 mae:11.89, mse:29.95, Cost: 25.6 sec 
07-18 16:32:31, Epoch 165 Val, MAE: 81.70, MSE: 131.16 Cost 24.3 sec
07-18 16:32:31, --------------------------------------------------Epoch:166/199--------------------------------------------------
07-18 16:32:57, Epoch 166 Train, reg:0.0886, cls_score:1.1532, unsupervised:0.6551 mae:6.73, mse:11.96, Cost: 25.9 sec 
07-18 16:33:21, Epoch 166 Val, MAE: 84.73, MSE: 137.39 Cost 23.9 sec
07-18 16:33:21, --------------------------------------------------Epoch:167/199--------------------------------------------------
07-18 16:33:47, Epoch 167 Train, reg:0.0916, cls_score:1.1895, unsupervised:0.6308 mae:7.05, mse:13.98, Cost: 25.4 sec 
07-18 16:34:10, Epoch 167 Val, MAE: 83.86, MSE: 135.61 Cost 23.8 sec
07-18 16:34:10, --------------------------------------------------Epoch:168/199--------------------------------------------------
07-18 16:34:36, Epoch 168 Train, reg:0.0872, cls_score:1.1823, unsupervised:0.6446 mae:4.52, mse:9.15, Cost: 25.5 sec 
07-18 16:35:00, Epoch 168 Val, MAE: 92.56, MSE: 149.69 Cost 23.9 sec
07-18 16:35:00, --------------------------------------------------Epoch:169/199--------------------------------------------------
07-18 16:35:25, Epoch 169 Train, reg:0.1021, cls_score:1.2765, unsupervised:0.6558 mae:9.00, mse:18.50, Cost: 25.5 sec 
07-18 16:35:49, Epoch 169 Val, MAE: 92.06, MSE: 145.20 Cost 23.8 sec
07-18 16:35:49, --------------------------------------------------Epoch:170/199--------------------------------------------------
07-18 16:36:14, Epoch 170 Train, reg:0.0861, cls_score:1.1386, unsupervised:0.6626 mae:7.22, mse:16.59, Cost: 25.1 sec 
07-18 16:36:48, Epoch 170 Val, MAE: 103.64, MSE: 178.74 Cost 24.2 sec
07-18 16:36:48, --------------------------------------------------Epoch:171/199--------------------------------------------------
07-18 16:37:13, Epoch 171 Train, reg:0.0923, cls_score:1.1975, unsupervised:0.6581 mae:8.19, mse:17.61, Cost: 25.7 sec 
07-18 16:37:37, Epoch 171 Val, MAE: 78.68, MSE: 128.57 Cost 23.7 sec
07-18 16:37:37, --------------------------------------------------Epoch:172/199--------------------------------------------------
07-18 16:38:03, Epoch 172 Train, reg:0.0961, cls_score:1.1554, unsupervised:0.6556 mae:8.05, mse:15.96, Cost: 25.4 sec 
07-18 16:38:26, Epoch 172 Val, MAE: 92.03, MSE: 158.58 Cost 23.9 sec
07-18 16:38:26, --------------------------------------------------Epoch:173/199--------------------------------------------------
07-18 16:38:52, Epoch 173 Train, reg:0.0915, cls_score:1.1599, unsupervised:0.6379 mae:7.36, mse:15.91, Cost: 25.5 sec 
07-18 16:39:16, Epoch 173 Val, MAE: 80.23, MSE: 135.75 Cost 23.9 sec
07-18 16:39:16, --------------------------------------------------Epoch:174/199--------------------------------------------------
07-18 16:39:41, Epoch 174 Train, reg:0.0971, cls_score:1.1723, unsupervised:0.6483 mae:10.37, mse:25.21, Cost: 24.8 sec 
07-18 16:40:04, Epoch 174 Val, MAE: 107.21, MSE: 177.73 Cost 23.8 sec
07-18 16:40:04, --------------------------------------------------Epoch:175/199--------------------------------------------------
07-18 16:40:30, Epoch 175 Train, reg:0.0951, cls_score:1.1732, unsupervised:0.6320 mae:6.23, mse:12.85, Cost: 25.7 sec 
07-18 16:40:57, Epoch 175 Val, MAE: 100.61, MSE: 162.50 Cost 24.3 sec
07-18 16:40:57, --------------------------------------------------Epoch:176/199--------------------------------------------------
07-18 16:41:22, Epoch 176 Train, reg:0.0872, cls_score:1.1814, unsupervised:0.6645 mae:6.94, mse:12.50, Cost: 25.5 sec 
07-18 16:41:46, Epoch 176 Val, MAE: 88.16, MSE: 142.51 Cost 23.8 sec
07-18 16:41:46, --------------------------------------------------Epoch:177/199--------------------------------------------------
07-18 16:42:11, Epoch 177 Train, reg:0.0817, cls_score:1.1054, unsupervised:0.6593 mae:7.09, mse:15.52, Cost: 24.8 sec 
07-18 16:42:35, Epoch 177 Val, MAE: 97.99, MSE: 150.88 Cost 23.9 sec
07-18 16:42:35, --------------------------------------------------Epoch:178/199--------------------------------------------------
07-18 16:43:00, Epoch 178 Train, reg:0.0906, cls_score:1.2033, unsupervised:0.6588 mae:4.38, mse:10.89, Cost: 25.2 sec 
07-18 16:43:24, Epoch 178 Val, MAE: 91.89, MSE: 145.87 Cost 23.9 sec
07-18 16:43:24, --------------------------------------------------Epoch:179/199--------------------------------------------------
07-18 16:43:49, Epoch 179 Train, reg:0.0808, cls_score:1.0917, unsupervised:0.6544 mae:4.81, mse:10.02, Cost: 25.0 sec 
07-18 16:44:13, Epoch 179 Val, MAE: 124.08, MSE: 195.58 Cost 23.7 sec
07-18 16:44:13, --------------------------------------------------Epoch:180/199--------------------------------------------------
07-18 16:44:38, Epoch 180 Train, reg:0.0891, cls_score:1.1566, unsupervised:0.6562 mae:4.85, mse:9.47, Cost: 25.4 sec 
07-18 16:45:04, Epoch 180 Val, MAE: 81.91, MSE: 132.41 Cost 24.2 sec
07-18 16:45:04, --------------------------------------------------Epoch:181/199--------------------------------------------------
07-18 16:45:29, Epoch 181 Train, reg:0.0981, cls_score:1.2054, unsupervised:0.6376 mae:7.53, mse:15.45, Cost: 25.2 sec 
07-18 16:45:53, Epoch 181 Val, MAE: 107.47, MSE: 178.83 Cost 23.9 sec
07-18 16:45:53, --------------------------------------------------Epoch:182/199--------------------------------------------------
07-18 16:46:18, Epoch 182 Train, reg:0.0879, cls_score:1.1778, unsupervised:0.6494 mae:7.73, mse:23.84, Cost: 24.8 sec 
07-18 16:46:42, Epoch 182 Val, MAE: 94.43, MSE: 151.93 Cost 23.8 sec
07-18 16:46:42, --------------------------------------------------Epoch:183/199--------------------------------------------------
07-18 16:47:07, Epoch 183 Train, reg:0.0846, cls_score:1.1373, unsupervised:0.6529 mae:5.44, mse:10.39, Cost: 25.2 sec 
07-18 16:47:31, Epoch 183 Val, MAE: 89.62, MSE: 150.67 Cost 23.8 sec
07-18 16:47:31, --------------------------------------------------Epoch:184/199--------------------------------------------------
07-18 16:47:56, Epoch 184 Train, reg:0.0894, cls_score:1.2025, unsupervised:0.6321 mae:6.22, mse:10.90, Cost: 25.0 sec 
07-18 16:48:20, Epoch 184 Val, MAE: 92.15, MSE: 157.04 Cost 23.6 sec
07-18 16:48:20, --------------------------------------------------Epoch:185/199--------------------------------------------------
07-18 16:48:45, Epoch 185 Train, reg:0.0912, cls_score:1.1904, unsupervised:0.6531 mae:8.43, mse:22.00, Cost: 25.4 sec 
07-18 16:49:12, Epoch 185 Val, MAE: 93.97, MSE: 160.20 Cost 24.2 sec
07-18 16:49:12, --------------------------------------------------Epoch:186/199--------------------------------------------------
07-18 16:49:37, Epoch 186 Train, reg:0.0887, cls_score:1.1666, unsupervised:0.6637 mae:6.22, mse:13.15, Cost: 25.3 sec 
07-18 16:50:01, Epoch 186 Val, MAE: 95.20, MSE: 160.45 Cost 23.9 sec
07-18 16:50:01, --------------------------------------------------Epoch:187/199--------------------------------------------------
07-18 16:50:26, Epoch 187 Train, reg:0.0872, cls_score:1.1639, unsupervised:0.6337 mae:8.78, mse:18.33, Cost: 24.7 sec 
07-18 16:50:49, Epoch 187 Val, MAE: 85.02, MSE: 142.72 Cost 23.7 sec
07-18 16:50:49, --------------------------------------------------Epoch:188/199--------------------------------------------------
07-18 16:51:14, Epoch 188 Train, reg:0.0854, cls_score:1.1493, unsupervised:0.6529 mae:11.22, mse:27.55, Cost: 25.2 sec 
07-18 16:51:38, Epoch 188 Val, MAE: 87.81, MSE: 146.23 Cost 23.9 sec
07-18 16:51:38, --------------------------------------------------Epoch:189/199--------------------------------------------------
07-18 16:52:04, Epoch 189 Train, reg:0.0776, cls_score:1.0633, unsupervised:0.6480 mae:7.12, mse:14.09, Cost: 25.2 sec 
07-18 16:52:27, Epoch 189 Val, MAE: 106.70, MSE: 169.66 Cost 23.6 sec
07-18 16:52:27, --------------------------------------------------Epoch:190/199--------------------------------------------------
07-18 16:52:53, Epoch 190 Train, reg:0.0849, cls_score:1.1778, unsupervised:0.6436 mae:5.92, mse:10.01, Cost: 25.5 sec 
07-18 16:53:19, Epoch 190 Val, MAE: 94.93, MSE: 154.38 Cost 24.3 sec
07-18 16:53:19, --------------------------------------------------Epoch:191/199--------------------------------------------------
07-18 16:53:45, Epoch 191 Train, reg:0.0867, cls_score:1.1789, unsupervised:0.6441 mae:7.56, mse:22.33, Cost: 25.6 sec 
07-18 16:54:09, Epoch 191 Val, MAE: 86.80, MSE: 140.06 Cost 23.9 sec
07-18 16:54:09, --------------------------------------------------Epoch:192/199--------------------------------------------------
07-18 16:54:34, Epoch 192 Train, reg:0.0897, cls_score:1.1473, unsupervised:0.6805 mae:13.70, mse:42.11, Cost: 25.2 sec 
07-18 16:54:58, Epoch 192 Val, MAE: 80.62, MSE: 129.95 Cost 23.7 sec
07-18 16:54:58, --------------------------------------------------Epoch:193/199--------------------------------------------------
07-18 16:55:23, Epoch 193 Train, reg:0.0929, cls_score:1.1719, unsupervised:0.6546 mae:8.63, mse:16.26, Cost: 25.2 sec 
07-18 16:55:47, Epoch 193 Val, MAE: 89.58, MSE: 146.28 Cost 23.9 sec
07-18 16:55:47, --------------------------------------------------Epoch:194/199--------------------------------------------------
07-18 16:56:12, Epoch 194 Train, reg:0.0829, cls_score:1.0933, unsupervised:0.6618 mae:6.28, mse:11.63, Cost: 25.2 sec 
07-18 16:56:36, Epoch 194 Val, MAE: 81.14, MSE: 133.44 Cost 23.7 sec
07-18 16:56:36, --------------------------------------------------Epoch:195/199--------------------------------------------------
07-18 16:57:01, Epoch 195 Train, reg:0.0841, cls_score:1.1441, unsupervised:0.6422 mae:6.15, mse:12.22, Cost: 25.0 sec 
07-18 16:57:27, Epoch 195 Val, MAE: 88.59, MSE: 144.19 Cost 24.1 sec
07-18 16:57:27, --------------------------------------------------Epoch:196/199--------------------------------------------------
07-18 16:57:52, Epoch 196 Train, reg:0.0820, cls_score:1.1101, unsupervised:0.6652 mae:7.71, mse:18.96, Cost: 25.4 sec 
07-18 16:58:16, Epoch 196 Val, MAE: 94.31, MSE: 156.09 Cost 23.8 sec
07-18 16:58:16, --------------------------------------------------Epoch:197/199--------------------------------------------------
07-18 16:58:41, Epoch 197 Train, reg:0.0855, cls_score:1.0830, unsupervised:0.6775 mae:10.54, mse:21.29, Cost: 25.3 sec 
07-18 16:59:05, Epoch 197 Val, MAE: 86.91, MSE: 139.34 Cost 23.7 sec
07-18 16:59:05, --------------------------------------------------Epoch:198/199--------------------------------------------------
07-18 16:59:30, Epoch 198 Train, reg:0.0815, cls_score:1.1006, unsupervised:0.6549 mae:8.75, mse:20.34, Cost: 25.3 sec 
07-18 16:59:54, Epoch 198 Val, MAE: 95.83, MSE: 161.77 Cost 23.8 sec
07-18 16:59:54, --------------------------------------------------Epoch:199/199--------------------------------------------------
07-18 17:00:20, Epoch 199 Train, reg:0.0884, cls_score:1.1506, unsupervised:0.6461 mae:8.74, mse:22.04, Cost: 25.4 sec 
07-18 17:00:44, Epoch 199 Val, MAE: 100.21, MSE: 159.74 Cost 23.8 sec
