06-11 23:55:02, content:doublelabel-t0.5-colorjitter
06-11 23:55:02, label_info:/content/drive/MyDrive/semi_classification/label_list/sha-40.txt
06-11 23:55:02, seed:15
06-11 23:55:02, crop_size:256
06-11 23:55:02, downsample_ratio:8
06-11 23:55:02, data_dir:/content/drive/MyDrive/processed_SHA
06-11 23:55:02, save_dir:/content/drive/MyDrive/history
06-11 23:55:02, max_num:2
06-11 23:55:02, resume:
06-11 23:55:02, batch_size:8
06-11 23:55:02, num_labeled:4
06-11 23:55:02, weight_decay:0.0001
06-11 23:55:02, lr:1e-05
06-11 23:55:02, num_workers:0
06-11 23:55:02, device:0
06-11 23:55:02, start_epoch:0
06-11 23:55:02, epochs:300
06-11 23:55:02, start_val:100
06-11 23:55:02, val_epoch:1
06-11 23:55:02, threshold:0.5
06-11 23:55:02, ema_decay:0.97
06-11 23:55:02, weight_ramup:20
06-11 23:55:02, mask_ratio:0.3
06-11 23:55:02, mask_size:32
06-11 23:55:02, Using 1 gpus
06-11 23:55:02, Number of images in the dataset 300, with 120 labeled data and 180 unlabeled data
06-11 23:55:07, --------------------------------------------------Epoch:0/299--------------------------------------------------
06-11 23:56:46, Epoch 0 Train, reg:0.4801, cls_score:3.1692, unsupervised:0.0461 mae:67.63, mse:113.28, Cost: 99.0 sec 
06-11 23:56:48, --------------------------------------------------Epoch:1/299--------------------------------------------------
06-11 23:57:11, Epoch 1 Train, reg:0.3806, cls_score:2.8602, unsupervised:0.4021 mae:41.99, mse:72.81, Cost: 23.4 sec 
06-11 23:57:11, --------------------------------------------------Epoch:2/299--------------------------------------------------
06-11 23:57:33, Epoch 2 Train, reg:0.3641, cls_score:2.2927, unsupervised:0.9920 mae:42.22, mse:79.60, Cost: 22.3 sec 
06-11 23:57:33, --------------------------------------------------Epoch:3/299--------------------------------------------------
06-11 23:57:55, Epoch 3 Train, reg:0.3926, cls_score:2.1482, unsupervised:0.8097 mae:44.38, mse:78.96, Cost: 21.3 sec 
06-11 23:57:55, --------------------------------------------------Epoch:4/299--------------------------------------------------
06-11 23:58:19, Epoch 4 Train, reg:0.3030, cls_score:1.8990, unsupervised:0.6588 mae:27.67, mse:53.75, Cost: 23.8 sec 
06-11 23:58:19, --------------------------------------------------Epoch:5/299--------------------------------------------------
06-11 23:58:40, Epoch 5 Train, reg:0.2984, cls_score:1.9315, unsupervised:0.6021 mae:29.03, mse:58.76, Cost: 21.9 sec 
06-11 23:58:43, --------------------------------------------------Epoch:6/299--------------------------------------------------
06-11 23:59:06, Epoch 6 Train, reg:0.3005, cls_score:1.9530, unsupervised:0.5609 mae:26.42, mse:51.98, Cost: 23.0 sec 
06-11 23:59:06, --------------------------------------------------Epoch:7/299--------------------------------------------------
06-11 23:59:28, Epoch 7 Train, reg:0.3144, cls_score:1.8815, unsupervised:0.5816 mae:32.21, mse:60.48, Cost: 22.1 sec 
06-11 23:59:28, --------------------------------------------------Epoch:8/299--------------------------------------------------
06-11 23:59:49, Epoch 8 Train, reg:0.2866, cls_score:1.7817, unsupervised:0.5502 mae:24.95, mse:43.71, Cost: 21.6 sec 
06-11 23:59:49, --------------------------------------------------Epoch:9/299--------------------------------------------------
06-12 00:00:11, Epoch 9 Train, reg:0.2778, cls_score:1.8103, unsupervised:0.5062 mae:21.20, mse:35.35, Cost: 21.6 sec 
06-12 00:00:11, --------------------------------------------------Epoch:10/299--------------------------------------------------
06-12 00:00:34, Epoch 10 Train, reg:0.2589, cls_score:1.7623, unsupervised:0.5194 mae:25.13, mse:51.84, Cost: 23.1 sec 
06-12 00:00:36, --------------------------------------------------Epoch:11/299--------------------------------------------------
06-12 00:01:00, Epoch 11 Train, reg:0.2532, cls_score:1.7362, unsupervised:0.5066 mae:17.89, mse:32.88, Cost: 23.7 sec 
06-12 00:01:00, --------------------------------------------------Epoch:12/299--------------------------------------------------
06-12 00:01:21, Epoch 12 Train, reg:0.2611, cls_score:1.7033, unsupervised:0.5067 mae:21.90, mse:44.46, Cost: 21.6 sec 
06-12 00:01:21, --------------------------------------------------Epoch:13/299--------------------------------------------------
06-12 00:01:44, Epoch 13 Train, reg:0.2579, cls_score:1.7325, unsupervised:0.5001 mae:20.16, mse:40.14, Cost: 22.3 sec 
06-12 00:01:44, --------------------------------------------------Epoch:14/299--------------------------------------------------
06-12 00:02:05, Epoch 14 Train, reg:0.2571, cls_score:1.7623, unsupervised:0.4974 mae:21.86, mse:44.73, Cost: 21.8 sec 
06-12 00:02:05, --------------------------------------------------Epoch:15/299--------------------------------------------------
06-12 00:02:27, Epoch 15 Train, reg:0.2593, cls_score:1.7801, unsupervised:0.5026 mae:21.32, mse:37.34, Cost: 21.8 sec 
06-12 00:02:29, --------------------------------------------------Epoch:16/299--------------------------------------------------
06-12 00:02:55, Epoch 16 Train, reg:0.2625, cls_score:1.7168, unsupervised:0.5051 mae:20.85, mse:43.99, Cost: 25.5 sec 
06-12 00:02:55, --------------------------------------------------Epoch:17/299--------------------------------------------------
06-12 00:03:17, Epoch 17 Train, reg:0.2461, cls_score:1.7012, unsupervised:0.5051 mae:22.55, mse:46.55, Cost: 22.5 sec 
06-12 00:03:17, --------------------------------------------------Epoch:18/299--------------------------------------------------
06-12 00:03:39, Epoch 18 Train, reg:0.2448, cls_score:1.7404, unsupervised:0.5183 mae:23.78, mse:60.56, Cost: 21.5 sec 
06-12 00:03:39, --------------------------------------------------Epoch:19/299--------------------------------------------------
06-12 00:04:01, Epoch 19 Train, reg:0.2427, cls_score:1.7193, unsupervised:0.5168 mae:19.24, mse:34.96, Cost: 22.2 sec 
06-12 00:04:01, --------------------------------------------------Epoch:20/299--------------------------------------------------
06-12 00:04:23, Epoch 20 Train, reg:0.2405, cls_score:1.6895, unsupervised:0.5218 mae:19.98, mse:37.25, Cost: 22.1 sec 
06-12 00:04:25, --------------------------------------------------Epoch:21/299--------------------------------------------------
06-12 00:04:52, Epoch 21 Train, reg:0.2338, cls_score:1.6643, unsupervised:0.5335 mae:18.42, mse:36.12, Cost: 27.0 sec 
06-12 00:04:52, --------------------------------------------------Epoch:22/299--------------------------------------------------
06-12 00:05:13, Epoch 22 Train, reg:0.2267, cls_score:1.6394, unsupervised:0.5137 mae:19.05, mse:38.16, Cost: 21.5 sec 
06-12 00:05:13, --------------------------------------------------Epoch:23/299--------------------------------------------------
06-12 00:05:37, Epoch 23 Train, reg:0.2413, cls_score:1.7082, unsupervised:0.5442 mae:22.22, mse:46.88, Cost: 23.2 sec 
06-12 00:05:37, --------------------------------------------------Epoch:24/299--------------------------------------------------
06-12 00:05:59, Epoch 24 Train, reg:0.2350, cls_score:1.6850, unsupervised:0.5383 mae:17.02, mse:31.58, Cost: 22.2 sec 
06-12 00:05:59, --------------------------------------------------Epoch:25/299--------------------------------------------------
06-12 00:06:20, Epoch 25 Train, reg:0.2255, cls_score:1.6674, unsupervised:0.5232 mae:15.05, mse:27.52, Cost: 21.5 sec 
06-12 00:06:23, --------------------------------------------------Epoch:26/299--------------------------------------------------
06-12 00:06:46, Epoch 26 Train, reg:0.2249, cls_score:1.6385, unsupervised:0.5167 mae:19.89, mse:42.80, Cost: 23.3 sec 
06-12 00:06:46, --------------------------------------------------Epoch:27/299--------------------------------------------------
06-12 00:07:09, Epoch 27 Train, reg:0.2359, cls_score:1.6933, unsupervised:0.5375 mae:19.30, mse:33.34, Cost: 22.6 sec 
06-12 00:07:09, --------------------------------------------------Epoch:28/299--------------------------------------------------
06-12 00:07:30, Epoch 28 Train, reg:0.2263, cls_score:1.6660, unsupervised:0.5205 mae:14.84, mse:32.92, Cost: 21.5 sec 
06-12 00:07:30, --------------------------------------------------Epoch:29/299--------------------------------------------------
06-12 00:07:54, Epoch 29 Train, reg:0.2336, cls_score:1.6341, unsupervised:0.5337 mae:24.54, mse:41.92, Cost: 23.5 sec 
06-12 00:07:54, --------------------------------------------------Epoch:30/299--------------------------------------------------
06-12 00:08:16, Epoch 30 Train, reg:0.2300, cls_score:1.6871, unsupervised:0.5190 mae:20.12, mse:41.75, Cost: 21.7 sec 
06-12 00:08:18, --------------------------------------------------Epoch:31/299--------------------------------------------------
06-12 00:08:41, Epoch 31 Train, reg:0.2182, cls_score:1.6307, unsupervised:0.5344 mae:15.08, mse:26.42, Cost: 22.9 sec 
06-12 00:08:41, --------------------------------------------------Epoch:32/299--------------------------------------------------
06-12 00:09:03, Epoch 32 Train, reg:0.2177, cls_score:1.6694, unsupervised:0.5420 mae:14.86, mse:28.29, Cost: 22.4 sec 
06-12 00:09:03, --------------------------------------------------Epoch:33/299--------------------------------------------------
06-12 00:09:25, Epoch 33 Train, reg:0.2137, cls_score:1.6240, unsupervised:0.5452 mae:15.11, mse:33.25, Cost: 22.3 sec 
06-12 00:09:25, --------------------------------------------------Epoch:34/299--------------------------------------------------
06-12 00:09:47, Epoch 34 Train, reg:0.2150, cls_score:1.6404, unsupervised:0.5382 mae:18.18, mse:34.79, Cost: 21.6 sec 
06-12 00:09:47, --------------------------------------------------Epoch:35/299--------------------------------------------------
06-12 00:10:10, Epoch 35 Train, reg:0.2059, cls_score:1.5848, unsupervised:0.5467 mae:15.06, mse:31.22, Cost: 22.9 sec 
06-12 00:10:12, --------------------------------------------------Epoch:36/299--------------------------------------------------
06-12 00:10:37, Epoch 36 Train, reg:0.2107, cls_score:1.6214, unsupervised:0.5284 mae:14.43, mse:24.71, Cost: 24.8 sec 
06-12 00:10:37, --------------------------------------------------Epoch:37/299--------------------------------------------------
06-12 00:10:59, Epoch 37 Train, reg:0.2140, cls_score:1.6315, unsupervised:0.5368 mae:16.04, mse:34.86, Cost: 21.8 sec 
06-12 00:10:59, --------------------------------------------------Epoch:38/299--------------------------------------------------
06-12 00:11:21, Epoch 38 Train, reg:0.2048, cls_score:1.5847, unsupervised:0.5578 mae:14.46, mse:26.49, Cost: 22.6 sec 
06-12 00:11:21, --------------------------------------------------Epoch:39/299--------------------------------------------------
06-12 00:11:44, Epoch 39 Train, reg:0.2114, cls_score:1.5771, unsupervised:0.5507 mae:14.02, mse:25.92, Cost: 22.6 sec 
06-12 00:11:44, --------------------------------------------------Epoch:40/299--------------------------------------------------
06-12 00:12:05, Epoch 40 Train, reg:0.2137, cls_score:1.6033, unsupervised:0.5605 mae:20.70, mse:44.75, Cost: 21.7 sec 
06-12 00:12:07, --------------------------------------------------Epoch:41/299--------------------------------------------------
06-12 00:12:31, Epoch 41 Train, reg:0.2133, cls_score:1.6218, unsupervised:0.5450 mae:16.56, mse:32.69, Cost: 23.5 sec 
06-12 00:12:31, --------------------------------------------------Epoch:42/299--------------------------------------------------
06-12 00:12:54, Epoch 42 Train, reg:0.2187, cls_score:1.6470, unsupervised:0.5543 mae:14.66, mse:28.82, Cost: 23.4 sec 
06-12 00:12:54, --------------------------------------------------Epoch:43/299--------------------------------------------------
06-12 00:13:16, Epoch 43 Train, reg:0.1904, cls_score:1.5223, unsupervised:0.5448 mae:12.91, mse:27.12, Cost: 21.7 sec 
06-12 00:13:16, --------------------------------------------------Epoch:44/299--------------------------------------------------
06-12 00:13:39, Epoch 44 Train, reg:0.2072, cls_score:1.6103, unsupervised:0.5348 mae:16.03, mse:32.79, Cost: 22.8 sec 
06-12 00:13:39, --------------------------------------------------Epoch:45/299--------------------------------------------------
06-12 00:14:01, Epoch 45 Train, reg:0.2033, cls_score:1.5810, unsupervised:0.5566 mae:16.21, mse:30.12, Cost: 22.2 sec 
06-12 00:14:03, --------------------------------------------------Epoch:46/299--------------------------------------------------
06-12 00:14:26, Epoch 46 Train, reg:0.1994, cls_score:1.5363, unsupervised:0.5445 mae:13.85, mse:29.16, Cost: 23.5 sec 
06-12 00:14:26, --------------------------------------------------Epoch:47/299--------------------------------------------------
06-12 00:14:48, Epoch 47 Train, reg:0.2039, cls_score:1.5619, unsupervised:0.5327 mae:13.76, mse:31.11, Cost: 21.7 sec 
06-12 00:14:48, --------------------------------------------------Epoch:48/299--------------------------------------------------
06-12 00:15:11, Epoch 48 Train, reg:0.2062, cls_score:1.6195, unsupervised:0.5576 mae:16.70, mse:28.97, Cost: 22.4 sec 
06-12 00:15:11, --------------------------------------------------Epoch:49/299--------------------------------------------------
06-12 00:15:34, Epoch 49 Train, reg:0.2115, cls_score:1.6502, unsupervised:0.5639 mae:15.28, mse:29.92, Cost: 23.5 sec 
06-12 00:15:34, --------------------------------------------------Epoch:50/299--------------------------------------------------
06-12 00:15:56, Epoch 50 Train, reg:0.1972, cls_score:1.5661, unsupervised:0.5647 mae:14.04, mse:28.53, Cost: 22.0 sec 
06-12 00:15:58, --------------------------------------------------Epoch:51/299--------------------------------------------------
06-12 00:16:22, Epoch 51 Train, reg:0.2019, cls_score:1.6095, unsupervised:0.5625 mae:13.72, mse:26.34, Cost: 23.5 sec 
06-12 00:16:22, --------------------------------------------------Epoch:52/299--------------------------------------------------
06-12 00:16:43, Epoch 52 Train, reg:0.2049, cls_score:1.6200, unsupervised:0.5392 mae:16.09, mse:30.12, Cost: 21.6 sec 
06-12 00:16:43, --------------------------------------------------Epoch:53/299--------------------------------------------------
06-12 00:17:05, Epoch 53 Train, reg:0.1968, cls_score:1.5877, unsupervised:0.5656 mae:13.74, mse:26.85, Cost: 22.0 sec 
06-12 00:17:05, --------------------------------------------------Epoch:54/299--------------------------------------------------
06-12 00:17:27, Epoch 54 Train, reg:0.1981, cls_score:1.5817, unsupervised:0.5748 mae:16.44, mse:29.52, Cost: 22.0 sec 
06-12 00:17:27, --------------------------------------------------Epoch:55/299--------------------------------------------------
06-12 00:17:50, Epoch 55 Train, reg:0.2004, cls_score:1.5953, unsupervised:0.5791 mae:15.34, mse:32.68, Cost: 22.1 sec 
06-12 00:17:54, --------------------------------------------------Epoch:56/299--------------------------------------------------
06-12 00:18:17, Epoch 56 Train, reg:0.2069, cls_score:1.6137, unsupervised:0.5730 mae:16.92, mse:34.90, Cost: 23.3 sec 
06-12 00:18:17, --------------------------------------------------Epoch:57/299--------------------------------------------------
06-12 00:18:39, Epoch 57 Train, reg:0.2014, cls_score:1.5596, unsupervised:0.5544 mae:13.18, mse:26.33, Cost: 22.0 sec 
06-12 00:18:39, --------------------------------------------------Epoch:58/299--------------------------------------------------
06-12 00:19:01, Epoch 58 Train, reg:0.2010, cls_score:1.6291, unsupervised:0.5547 mae:13.06, mse:25.24, Cost: 22.4 sec 
06-12 00:19:01, --------------------------------------------------Epoch:59/299--------------------------------------------------
06-12 00:19:24, Epoch 59 Train, reg:0.1905, cls_score:1.5335, unsupervised:0.5581 mae:14.79, mse:33.76, Cost: 22.2 sec 
06-12 00:19:24, --------------------------------------------------Epoch:60/299--------------------------------------------------
06-12 00:19:45, Epoch 60 Train, reg:0.2083, cls_score:1.6520, unsupervised:0.5773 mae:13.41, mse:24.43, Cost: 21.3 sec 
06-12 00:19:51, --------------------------------------------------Epoch:61/299--------------------------------------------------
06-12 00:20:14, Epoch 61 Train, reg:0.1951, cls_score:1.5573, unsupervised:0.5589 mae:11.92, mse:20.89, Cost: 23.4 sec 
06-12 00:20:14, --------------------------------------------------Epoch:62/299--------------------------------------------------
06-12 00:20:36, Epoch 62 Train, reg:0.1992, cls_score:1.5970, unsupervised:0.5952 mae:13.87, mse:24.78, Cost: 22.0 sec 
06-12 00:20:36, --------------------------------------------------Epoch:63/299--------------------------------------------------
06-12 00:20:59, Epoch 63 Train, reg:0.1885, cls_score:1.5259, unsupervised:0.5664 mae:13.29, mse:24.01, Cost: 22.2 sec 
06-12 00:20:59, --------------------------------------------------Epoch:64/299--------------------------------------------------
06-12 00:21:21, Epoch 64 Train, reg:0.1801, cls_score:1.4949, unsupervised:0.5707 mae:11.79, mse:30.63, Cost: 22.3 sec 
06-12 00:21:21, --------------------------------------------------Epoch:65/299--------------------------------------------------
06-12 00:21:43, Epoch 65 Train, reg:0.1945, cls_score:1.5497, unsupervised:0.5734 mae:12.47, mse:23.64, Cost: 21.9 sec 
06-12 00:21:45, --------------------------------------------------Epoch:66/299--------------------------------------------------
06-12 00:22:08, Epoch 66 Train, reg:0.1902, cls_score:1.5384, unsupervised:0.5875 mae:14.90, mse:31.53, Cost: 23.2 sec 
06-12 00:22:08, --------------------------------------------------Epoch:67/299--------------------------------------------------
06-12 00:22:30, Epoch 67 Train, reg:0.1865, cls_score:1.5278, unsupervised:0.5551 mae:11.55, mse:21.53, Cost: 21.6 sec 
06-12 00:22:30, --------------------------------------------------Epoch:68/299--------------------------------------------------
06-12 00:22:52, Epoch 68 Train, reg:0.1840, cls_score:1.5197, unsupervised:0.5495 mae:12.00, mse:22.29, Cost: 22.0 sec 
06-12 00:22:52, --------------------------------------------------Epoch:69/299--------------------------------------------------
06-12 00:23:14, Epoch 69 Train, reg:0.1877, cls_score:1.5485, unsupervised:0.5628 mae:11.84, mse:21.51, Cost: 22.5 sec 
06-12 00:23:14, --------------------------------------------------Epoch:70/299--------------------------------------------------
06-12 00:23:36, Epoch 70 Train, reg:0.1903, cls_score:1.5332, unsupervised:0.5811 mae:14.50, mse:25.95, Cost: 21.3 sec 
06-12 00:23:38, --------------------------------------------------Epoch:71/299--------------------------------------------------
06-12 00:24:01, Epoch 71 Train, reg:0.1970, cls_score:1.5776, unsupervised:0.5608 mae:15.09, mse:26.82, Cost: 23.4 sec 
06-12 00:24:01, --------------------------------------------------Epoch:72/299--------------------------------------------------
06-12 00:24:23, Epoch 72 Train, reg:0.1926, cls_score:1.5682, unsupervised:0.5777 mae:11.60, mse:23.39, Cost: 21.8 sec 
06-12 00:24:23, --------------------------------------------------Epoch:73/299--------------------------------------------------
06-12 00:24:45, Epoch 73 Train, reg:0.1878, cls_score:1.5480, unsupervised:0.5373 mae:13.10, mse:26.32, Cost: 22.2 sec 
06-12 00:24:45, --------------------------------------------------Epoch:74/299--------------------------------------------------
06-12 00:25:07, Epoch 74 Train, reg:0.1950, cls_score:1.5686, unsupervised:0.5479 mae:17.66, mse:42.90, Cost: 21.8 sec 
06-12 00:25:07, --------------------------------------------------Epoch:75/299--------------------------------------------------
06-12 00:25:30, Epoch 75 Train, reg:0.1914, cls_score:1.5722, unsupervised:0.5726 mae:14.51, mse:28.08, Cost: 23.2 sec 
06-12 00:25:32, --------------------------------------------------Epoch:76/299--------------------------------------------------
06-12 00:25:55, Epoch 76 Train, reg:0.1925, cls_score:1.5966, unsupervised:0.5678 mae:15.36, mse:31.55, Cost: 23.4 sec 
06-12 00:25:55, --------------------------------------------------Epoch:77/299--------------------------------------------------
06-12 00:26:18, Epoch 77 Train, reg:0.1910, cls_score:1.5402, unsupervised:0.5580 mae:11.21, mse:22.16, Cost: 22.2 sec 
06-12 00:26:18, --------------------------------------------------Epoch:78/299--------------------------------------------------
06-12 00:26:39, Epoch 78 Train, reg:0.1872, cls_score:1.5365, unsupervised:0.5687 mae:12.75, mse:22.66, Cost: 21.4 sec 
06-12 00:26:39, --------------------------------------------------Epoch:79/299--------------------------------------------------
06-12 00:27:01, Epoch 79 Train, reg:0.1944, cls_score:1.5651, unsupervised:0.5703 mae:14.09, mse:24.57, Cost: 21.5 sec 
06-12 00:27:01, --------------------------------------------------Epoch:80/299--------------------------------------------------
06-12 00:27:23, Epoch 80 Train, reg:0.1932, cls_score:1.5701, unsupervised:0.5687 mae:14.93, mse:32.08, Cost: 22.1 sec 
06-12 00:27:29, --------------------------------------------------Epoch:81/299--------------------------------------------------
06-12 00:27:52, Epoch 81 Train, reg:0.1891, cls_score:1.5464, unsupervised:0.5799 mae:12.46, mse:23.23, Cost: 23.1 sec 
06-12 00:27:52, --------------------------------------------------Epoch:82/299--------------------------------------------------
06-12 00:28:14, Epoch 82 Train, reg:0.1813, cls_score:1.5280, unsupervised:0.5815 mae:12.75, mse:24.39, Cost: 22.5 sec 
06-12 00:28:14, --------------------------------------------------Epoch:83/299--------------------------------------------------
06-12 00:28:36, Epoch 83 Train, reg:0.1903, cls_score:1.5496, unsupervised:0.5885 mae:14.95, mse:34.56, Cost: 21.5 sec 
06-12 00:28:36, --------------------------------------------------Epoch:84/299--------------------------------------------------
06-12 00:28:57, Epoch 84 Train, reg:0.1886, cls_score:1.5590, unsupervised:0.5746 mae:12.35, mse:22.18, Cost: 21.5 sec 
06-12 00:28:57, --------------------------------------------------Epoch:85/299--------------------------------------------------
06-12 00:29:19, Epoch 85 Train, reg:0.1853, cls_score:1.5340, unsupervised:0.5820 mae:11.23, mse:21.61, Cost: 22.1 sec 
06-12 00:29:22, --------------------------------------------------Epoch:86/299--------------------------------------------------
06-12 00:29:45, Epoch 86 Train, reg:0.1868, cls_score:1.5575, unsupervised:0.5757 mae:11.99, mse:23.61, Cost: 23.2 sec 
06-12 00:29:45, --------------------------------------------------Epoch:87/299--------------------------------------------------
06-12 00:30:07, Epoch 87 Train, reg:0.1850, cls_score:1.5736, unsupervised:0.5703 mae:9.81, mse:18.17, Cost: 21.7 sec 
06-12 00:30:07, --------------------------------------------------Epoch:88/299--------------------------------------------------
06-12 00:30:28, Epoch 88 Train, reg:0.1801, cls_score:1.4999, unsupervised:0.5682 mae:12.87, mse:23.93, Cost: 21.1 sec 
06-12 00:30:28, --------------------------------------------------Epoch:89/299--------------------------------------------------
06-12 00:30:51, Epoch 89 Train, reg:0.1868, cls_score:1.5603, unsupervised:0.5587 mae:12.60, mse:22.83, Cost: 22.8 sec 
06-12 00:30:51, --------------------------------------------------Epoch:90/299--------------------------------------------------
06-12 00:31:13, Epoch 90 Train, reg:0.1916, cls_score:1.5617, unsupervised:0.6004 mae:14.18, mse:22.92, Cost: 21.9 sec 
06-12 00:31:16, --------------------------------------------------Epoch:91/299--------------------------------------------------
06-12 00:31:40, Epoch 91 Train, reg:0.1818, cls_score:1.5568, unsupervised:0.5505 mae:11.64, mse:23.53, Cost: 23.5 sec 
06-12 00:31:40, --------------------------------------------------Epoch:92/299--------------------------------------------------
06-12 00:32:02, Epoch 92 Train, reg:0.1784, cls_score:1.5109, unsupervised:0.5812 mae:12.33, mse:20.86, Cost: 21.8 sec 
06-12 00:32:02, --------------------------------------------------Epoch:93/299--------------------------------------------------
06-12 00:32:23, Epoch 93 Train, reg:0.1744, cls_score:1.4918, unsupervised:0.5906 mae:11.91, mse:21.91, Cost: 21.7 sec 
06-12 00:32:23, --------------------------------------------------Epoch:94/299--------------------------------------------------
06-12 00:32:45, Epoch 94 Train, reg:0.1794, cls_score:1.4924, unsupervised:0.5552 mae:12.64, mse:23.54, Cost: 21.9 sec 
06-12 00:32:45, --------------------------------------------------Epoch:95/299--------------------------------------------------
06-12 00:33:07, Epoch 95 Train, reg:0.1888, cls_score:1.5310, unsupervised:0.5862 mae:18.31, mse:36.40, Cost: 21.9 sec 
06-12 00:33:09, --------------------------------------------------Epoch:96/299--------------------------------------------------
06-12 00:33:33, Epoch 96 Train, reg:0.1815, cls_score:1.5304, unsupervised:0.5854 mae:13.14, mse:26.77, Cost: 23.6 sec 
06-12 00:33:33, --------------------------------------------------Epoch:97/299--------------------------------------------------
06-12 00:33:54, Epoch 97 Train, reg:0.1736, cls_score:1.4883, unsupervised:0.5710 mae:13.64, mse:26.49, Cost: 21.8 sec 
06-12 00:33:54, --------------------------------------------------Epoch:98/299--------------------------------------------------
06-12 00:34:17, Epoch 98 Train, reg:0.1773, cls_score:1.4807, unsupervised:0.5752 mae:9.79, mse:16.04, Cost: 22.5 sec 
06-12 00:34:17, --------------------------------------------------Epoch:99/299--------------------------------------------------
06-12 00:34:39, Epoch 99 Train, reg:0.1711, cls_score:1.4700, unsupervised:0.5967 mae:11.78, mse:23.93, Cost: 22.1 sec 
06-12 00:34:39, --------------------------------------------------Epoch:100/299--------------------------------------------------
06-12 00:35:00, Epoch 100 Train, reg:0.1802, cls_score:1.5246, unsupervised:0.5766 mae:13.25, mse:25.49, Cost: 21.2 sec 
06-12 00:38:55, Epoch 100 Val, MAE: 62.17, MSE: 97.45 Cost 233.0 sec
06-12 00:38:56, Save best model: MAE: 62.17 MSE:97.45 model epoch 100
06-12 00:38:56, --------------------------------------------------Epoch:101/299--------------------------------------------------
06-12 00:39:18, Epoch 101 Train, reg:0.1803, cls_score:1.5386, unsupervised:0.6004 mae:12.58, mse:22.78, Cost: 22.2 sec 
06-12 00:39:41, Epoch 101 Val, MAE: 67.15, MSE: 100.52 Cost 23.5 sec
06-12 00:39:41, --------------------------------------------------Epoch:102/299--------------------------------------------------
06-12 00:40:03, Epoch 102 Train, reg:0.1685, cls_score:1.4876, unsupervised:0.5933 mae:11.05, mse:25.07, Cost: 22.1 sec 
06-12 00:40:27, Epoch 102 Val, MAE: 68.78, MSE: 101.18 Cost 23.6 sec
06-12 00:40:27, --------------------------------------------------Epoch:103/299--------------------------------------------------
06-12 00:40:49, Epoch 103 Train, reg:0.1757, cls_score:1.4987, unsupervised:0.5857 mae:11.76, mse:23.89, Cost: 22.2 sec 
06-12 00:41:13, Epoch 103 Val, MAE: 67.20, MSE: 104.11 Cost 23.6 sec
06-12 00:41:13, --------------------------------------------------Epoch:104/299--------------------------------------------------
06-12 00:41:35, Epoch 104 Train, reg:0.1768, cls_score:1.4925, unsupervised:0.5889 mae:16.54, mse:32.59, Cost: 22.0 sec 
06-12 00:41:58, Epoch 104 Val, MAE: 72.27, MSE: 108.60 Cost 23.7 sec
06-12 00:41:58, --------------------------------------------------Epoch:105/299--------------------------------------------------
06-12 00:42:20, Epoch 105 Train, reg:0.1795, cls_score:1.5388, unsupervised:0.5678 mae:12.82, mse:22.39, Cost: 22.0 sec 
06-12 00:42:47, Epoch 105 Val, MAE: 67.59, MSE: 118.06 Cost 23.9 sec
06-12 00:42:47, --------------------------------------------------Epoch:106/299--------------------------------------------------
06-12 00:43:10, Epoch 106 Train, reg:0.1752, cls_score:1.5067, unsupervised:0.5763 mae:12.03, mse:21.69, Cost: 22.5 sec 
06-12 00:43:33, Epoch 106 Val, MAE: 107.94, MSE: 162.27 Cost 23.5 sec
06-12 00:43:33, --------------------------------------------------Epoch:107/299--------------------------------------------------
06-12 00:43:56, Epoch 107 Train, reg:0.1768, cls_score:1.5128, unsupervised:0.5670 mae:13.31, mse:25.48, Cost: 22.8 sec 
06-12 00:44:20, Epoch 107 Val, MAE: 69.69, MSE: 108.50 Cost 23.6 sec
06-12 00:44:20, --------------------------------------------------Epoch:108/299--------------------------------------------------
06-12 00:44:42, Epoch 108 Train, reg:0.1792, cls_score:1.5239, unsupervised:0.5723 mae:11.59, mse:21.55, Cost: 22.4 sec 
06-12 00:45:06, Epoch 108 Val, MAE: 73.94, MSE: 115.00 Cost 23.6 sec
06-12 00:45:06, --------------------------------------------------Epoch:109/299--------------------------------------------------
06-12 00:45:27, Epoch 109 Train, reg:0.1867, cls_score:1.5818, unsupervised:0.5803 mae:12.91, mse:23.11, Cost: 21.4 sec 
06-12 00:45:51, Epoch 109 Val, MAE: 101.02, MSE: 148.06 Cost 23.6 sec
06-12 00:45:51, --------------------------------------------------Epoch:110/299--------------------------------------------------
06-12 00:46:14, Epoch 110 Train, reg:0.1641, cls_score:1.4273, unsupervised:0.5833 mae:14.29, mse:27.26, Cost: 23.3 sec 
06-12 00:46:39, Epoch 110 Val, MAE: 101.95, MSE: 165.90 Cost 23.8 sec
06-12 00:46:39, --------------------------------------------------Epoch:111/299--------------------------------------------------
06-12 00:47:02, Epoch 111 Train, reg:0.1752, cls_score:1.4970, unsupervised:0.5823 mae:12.53, mse:23.64, Cost: 22.2 sec 
06-12 00:47:25, Epoch 111 Val, MAE: 67.78, MSE: 104.27 Cost 23.6 sec
06-12 00:47:25, --------------------------------------------------Epoch:112/299--------------------------------------------------
06-12 00:47:47, Epoch 112 Train, reg:0.1782, cls_score:1.5486, unsupervised:0.5725 mae:9.36, mse:17.26, Cost: 21.9 sec 
06-12 00:48:11, Epoch 112 Val, MAE: 65.00, MSE: 101.07 Cost 23.6 sec
06-12 00:48:11, --------------------------------------------------Epoch:113/299--------------------------------------------------
06-12 00:48:33, Epoch 113 Train, reg:0.1812, cls_score:1.5361, unsupervised:0.6098 mae:11.92, mse:24.08, Cost: 22.4 sec 
06-12 00:48:57, Epoch 113 Val, MAE: 83.31, MSE: 121.36 Cost 23.8 sec
06-12 00:48:57, --------------------------------------------------Epoch:114/299--------------------------------------------------
06-12 00:49:19, Epoch 114 Train, reg:0.1767, cls_score:1.5341, unsupervised:0.5895 mae:9.33, mse:15.25, Cost: 22.0 sec 
06-12 00:49:42, Epoch 114 Val, MAE: 68.28, MSE: 102.13 Cost 23.6 sec
06-12 00:49:42, --------------------------------------------------Epoch:115/299--------------------------------------------------
06-12 00:50:05, Epoch 115 Train, reg:0.1667, cls_score:1.4389, unsupervised:0.5854 mae:14.09, mse:26.79, Cost: 22.8 sec 
06-12 00:50:31, Epoch 115 Val, MAE: 94.01, MSE: 147.26 Cost 24.0 sec
06-12 00:50:31, --------------------------------------------------Epoch:116/299--------------------------------------------------
06-12 00:50:54, Epoch 116 Train, reg:0.1730, cls_score:1.4860, unsupervised:0.6007 mae:11.90, mse:18.87, Cost: 22.4 sec 
06-12 00:51:17, Epoch 116 Val, MAE: 65.67, MSE: 97.22 Cost 23.6 sec
06-12 00:51:17, --------------------------------------------------Epoch:117/299--------------------------------------------------
06-12 00:51:39, Epoch 117 Train, reg:0.1736, cls_score:1.4913, unsupervised:0.5952 mae:11.51, mse:22.01, Cost: 22.0 sec 
06-12 00:52:03, Epoch 117 Val, MAE: 72.91, MSE: 111.72 Cost 23.6 sec
06-12 00:52:03, --------------------------------------------------Epoch:118/299--------------------------------------------------
06-12 00:52:25, Epoch 118 Train, reg:0.1628, cls_score:1.4531, unsupervised:0.5785 mae:9.34, mse:15.37, Cost: 22.1 sec 
06-12 00:52:49, Epoch 118 Val, MAE: 81.32, MSE: 130.51 Cost 23.6 sec
06-12 00:52:49, --------------------------------------------------Epoch:119/299--------------------------------------------------
06-12 00:53:10, Epoch 119 Train, reg:0.1764, cls_score:1.5295, unsupervised:0.5647 mae:11.85, mse:22.48, Cost: 21.9 sec 
06-12 00:53:34, Epoch 119 Val, MAE: 66.86, MSE: 101.74 Cost 23.4 sec
06-12 00:53:34, --------------------------------------------------Epoch:120/299--------------------------------------------------
06-12 00:53:56, Epoch 120 Train, reg:0.1793, cls_score:1.5431, unsupervised:0.5880 mae:11.73, mse:23.20, Cost: 21.9 sec 
06-12 00:54:22, Epoch 120 Val, MAE: 67.18, MSE: 109.66 Cost 24.1 sec
06-12 00:54:22, --------------------------------------------------Epoch:121/299--------------------------------------------------
06-12 00:54:44, Epoch 121 Train, reg:0.1746, cls_score:1.4911, unsupervised:0.6055 mae:10.44, mse:18.57, Cost: 21.9 sec 
06-12 00:55:08, Epoch 121 Val, MAE: 69.07, MSE: 107.99 Cost 23.7 sec
06-12 00:55:08, --------------------------------------------------Epoch:122/299--------------------------------------------------
06-12 00:55:29, Epoch 122 Train, reg:0.1689, cls_score:1.4811, unsupervised:0.5739 mae:9.40, mse:16.53, Cost: 21.5 sec 
06-12 00:55:53, Epoch 122 Val, MAE: 75.37, MSE: 114.61 Cost 23.5 sec
06-12 00:55:53, --------------------------------------------------Epoch:123/299--------------------------------------------------
06-12 00:56:15, Epoch 123 Train, reg:0.1672, cls_score:1.4840, unsupervised:0.5859 mae:10.39, mse:20.85, Cost: 22.0 sec 
06-12 00:56:39, Epoch 123 Val, MAE: 72.75, MSE: 110.58 Cost 23.9 sec
06-12 00:56:39, --------------------------------------------------Epoch:124/299--------------------------------------------------
06-12 00:57:00, Epoch 124 Train, reg:0.1797, cls_score:1.4993, unsupervised:0.5947 mae:14.62, mse:30.06, Cost: 21.7 sec 
06-12 00:57:24, Epoch 124 Val, MAE: 90.85, MSE: 135.64 Cost 23.6 sec
06-12 00:57:24, --------------------------------------------------Epoch:125/299--------------------------------------------------
06-12 00:57:46, Epoch 125 Train, reg:0.1704, cls_score:1.5056, unsupervised:0.5817 mae:11.25, mse:22.60, Cost: 22.2 sec 
06-12 00:58:12, Epoch 125 Val, MAE: 62.97, MSE: 102.20 Cost 23.9 sec
06-12 00:58:12, --------------------------------------------------Epoch:126/299--------------------------------------------------
06-12 00:58:34, Epoch 126 Train, reg:0.1646, cls_score:1.4579, unsupervised:0.5918 mae:10.19, mse:18.95, Cost: 22.0 sec 
06-12 00:58:58, Epoch 126 Val, MAE: 65.64, MSE: 105.59 Cost 23.5 sec
06-12 00:58:58, --------------------------------------------------Epoch:127/299--------------------------------------------------
06-12 00:59:20, Epoch 127 Train, reg:0.1667, cls_score:1.4597, unsupervised:0.5834 mae:9.41, mse:19.11, Cost: 22.4 sec 
06-12 00:59:44, Epoch 127 Val, MAE: 66.20, MSE: 106.12 Cost 23.6 sec
06-12 00:59:44, --------------------------------------------------Epoch:128/299--------------------------------------------------
06-12 01:00:06, Epoch 128 Train, reg:0.1709, cls_score:1.4888, unsupervised:0.5894 mae:9.79, mse:16.63, Cost: 22.1 sec 
06-12 01:00:29, Epoch 128 Val, MAE: 63.29, MSE: 102.84 Cost 23.5 sec
06-12 01:00:29, --------------------------------------------------Epoch:129/299--------------------------------------------------
06-12 01:00:51, Epoch 129 Train, reg:0.1678, cls_score:1.4587, unsupervised:0.5815 mae:12.58, mse:23.42, Cost: 21.4 sec 
06-12 01:01:14, Epoch 129 Val, MAE: 66.28, MSE: 105.99 Cost 23.5 sec
06-12 01:01:14, --------------------------------------------------Epoch:130/299--------------------------------------------------
06-12 01:01:36, Epoch 130 Train, reg:0.1642, cls_score:1.4372, unsupervised:0.5923 mae:10.71, mse:18.93, Cost: 22.1 sec 
06-12 01:02:02, Epoch 130 Val, MAE: 67.13, MSE: 112.82 Cost 24.1 sec
06-12 01:02:02, --------------------------------------------------Epoch:131/299--------------------------------------------------
06-12 01:02:24, Epoch 131 Train, reg:0.1721, cls_score:1.4714, unsupervised:0.5910 mae:14.16, mse:27.00, Cost: 21.6 sec 
06-12 01:02:47, Epoch 131 Val, MAE: 69.63, MSE: 108.14 Cost 23.5 sec
06-12 01:02:47, --------------------------------------------------Epoch:132/299--------------------------------------------------
06-12 01:03:09, Epoch 132 Train, reg:0.1694, cls_score:1.4806, unsupervised:0.5755 mae:10.98, mse:19.48, Cost: 21.6 sec 
06-12 01:03:33, Epoch 132 Val, MAE: 65.49, MSE: 99.96 Cost 23.6 sec
06-12 01:03:33, --------------------------------------------------Epoch:133/299--------------------------------------------------
06-12 01:03:55, Epoch 133 Train, reg:0.1660, cls_score:1.4583, unsupervised:0.5797 mae:11.22, mse:28.25, Cost: 22.1 sec 
06-12 01:04:18, Epoch 133 Val, MAE: 70.13, MSE: 126.23 Cost 23.6 sec
06-12 01:04:18, --------------------------------------------------Epoch:134/299--------------------------------------------------
06-12 01:04:40, Epoch 134 Train, reg:0.1627, cls_score:1.4493, unsupervised:0.5892 mae:9.94, mse:18.56, Cost: 21.9 sec 
06-12 01:05:04, Epoch 134 Val, MAE: 62.34, MSE: 97.48 Cost 23.6 sec
06-12 01:05:04, --------------------------------------------------Epoch:135/299--------------------------------------------------
06-12 01:05:26, Epoch 135 Train, reg:0.1770, cls_score:1.5241, unsupervised:0.5983 mae:12.06, mse:23.34, Cost: 22.4 sec 
06-12 01:05:52, Epoch 135 Val, MAE: 74.72, MSE: 109.47 Cost 24.2 sec
06-12 01:05:52, --------------------------------------------------Epoch:136/299--------------------------------------------------
06-12 01:06:14, Epoch 136 Train, reg:0.1646, cls_score:1.4871, unsupervised:0.5735 mae:8.70, mse:14.30, Cost: 22.0 sec 
06-12 01:06:38, Epoch 136 Val, MAE: 62.36, MSE: 99.04 Cost 23.5 sec
06-12 01:06:38, --------------------------------------------------Epoch:137/299--------------------------------------------------
06-12 01:07:00, Epoch 137 Train, reg:0.1625, cls_score:1.4590, unsupervised:0.5939 mae:9.98, mse:16.46, Cost: 21.7 sec 
06-12 01:07:24, Epoch 137 Val, MAE: 74.89, MSE: 117.82 Cost 24.0 sec
06-12 01:07:24, --------------------------------------------------Epoch:138/299--------------------------------------------------
06-12 01:07:46, Epoch 138 Train, reg:0.1591, cls_score:1.4199, unsupervised:0.6117 mae:11.53, mse:23.40, Cost: 22.1 sec 
06-12 01:08:09, Epoch 138 Val, MAE: 68.16, MSE: 100.29 Cost 23.5 sec
06-12 01:08:09, --------------------------------------------------Epoch:139/299--------------------------------------------------
06-12 01:08:31, Epoch 139 Train, reg:0.1502, cls_score:1.3791, unsupervised:0.6025 mae:11.21, mse:26.27, Cost: 21.5 sec 
06-12 01:08:54, Epoch 139 Val, MAE: 62.77, MSE: 95.78 Cost 23.5 sec
06-12 01:08:55, Save best model: MAE: 62.77 MSE:95.78 model epoch 139
06-12 01:08:55, --------------------------------------------------Epoch:140/299--------------------------------------------------
06-12 01:09:17, Epoch 140 Train, reg:0.1611, cls_score:1.4294, unsupervised:0.5910 mae:12.26, mse:21.69, Cost: 22.2 sec 
06-12 01:09:43, Epoch 140 Val, MAE: 71.42, MSE: 110.51 Cost 24.0 sec
06-12 01:09:43, --------------------------------------------------Epoch:141/299--------------------------------------------------
06-12 01:10:06, Epoch 141 Train, reg:0.1589, cls_score:1.4279, unsupervised:0.5934 mae:9.80, mse:18.16, Cost: 22.7 sec 
06-12 01:10:29, Epoch 141 Val, MAE: 66.11, MSE: 103.19 Cost 23.4 sec
06-12 01:10:29, --------------------------------------------------Epoch:142/299--------------------------------------------------
06-12 01:10:51, Epoch 142 Train, reg:0.1817, cls_score:1.5165, unsupervised:0.5974 mae:14.63, mse:27.80, Cost: 22.0 sec 
06-12 01:11:14, Epoch 142 Val, MAE: 80.86, MSE: 117.59 Cost 23.6 sec
06-12 01:11:14, --------------------------------------------------Epoch:143/299--------------------------------------------------
06-12 01:11:36, Epoch 143 Train, reg:0.1626, cls_score:1.4335, unsupervised:0.6007 mae:10.94, mse:22.31, Cost: 21.9 sec 
06-12 01:12:00, Epoch 143 Val, MAE: 64.87, MSE: 107.14 Cost 23.5 sec
06-12 01:12:00, --------------------------------------------------Epoch:144/299--------------------------------------------------
06-12 01:12:22, Epoch 144 Train, reg:0.1673, cls_score:1.4503, unsupervised:0.6059 mae:10.81, mse:22.96, Cost: 22.0 sec 
06-12 01:12:46, Epoch 144 Val, MAE: 64.08, MSE: 96.07 Cost 23.8 sec
06-12 01:12:46, --------------------------------------------------Epoch:145/299--------------------------------------------------
06-12 01:13:08, Epoch 145 Train, reg:0.1574, cls_score:1.4415, unsupervised:0.5969 mae:9.02, mse:16.45, Cost: 22.0 sec 
06-12 01:13:34, Epoch 145 Val, MAE: 63.21, MSE: 94.92 Cost 24.1 sec
06-12 01:13:34, Save best model: MAE: 63.21 MSE:94.92 model epoch 145
06-12 01:13:34, --------------------------------------------------Epoch:146/299--------------------------------------------------
06-12 01:13:57, Epoch 146 Train, reg:0.1700, cls_score:1.4888, unsupervised:0.5878 mae:11.34, mse:20.68, Cost: 22.4 sec 
06-12 01:14:20, Epoch 146 Val, MAE: 63.90, MSE: 98.89 Cost 23.4 sec
06-12 01:14:20, --------------------------------------------------Epoch:147/299--------------------------------------------------
06-12 01:14:42, Epoch 147 Train, reg:0.1640, cls_score:1.4497, unsupervised:0.5961 mae:11.78, mse:21.59, Cost: 22.0 sec 
06-12 01:15:06, Epoch 147 Val, MAE: 74.12, MSE: 116.33 Cost 23.6 sec
06-12 01:15:06, --------------------------------------------------Epoch:148/299--------------------------------------------------
06-12 01:15:29, Epoch 148 Train, reg:0.1578, cls_score:1.4104, unsupervised:0.6038 mae:11.05, mse:21.35, Cost: 23.4 sec 
06-12 01:15:52, Epoch 148 Val, MAE: 78.72, MSE: 120.19 Cost 23.5 sec
06-12 01:15:52, --------------------------------------------------Epoch:149/299--------------------------------------------------
06-12 01:16:14, Epoch 149 Train, reg:0.1691, cls_score:1.4986, unsupervised:0.6078 mae:10.10, mse:18.54, Cost: 21.7 sec 
06-12 01:16:38, Epoch 149 Val, MAE: 62.63, MSE: 101.91 Cost 23.6 sec
06-12 01:16:38, --------------------------------------------------Epoch:150/299--------------------------------------------------
06-12 01:17:00, Epoch 150 Train, reg:0.1714, cls_score:1.5104, unsupervised:0.6010 mae:11.87, mse:21.89, Cost: 22.4 sec 
06-12 01:17:26, Epoch 150 Val, MAE: 89.75, MSE: 160.96 Cost 24.1 sec
06-12 01:17:26, --------------------------------------------------Epoch:151/299--------------------------------------------------
06-12 01:17:48, Epoch 151 Train, reg:0.1644, cls_score:1.4551, unsupervised:0.6158 mae:14.06, mse:30.33, Cost: 22.2 sec 
06-12 01:18:12, Epoch 151 Val, MAE: 64.32, MSE: 102.47 Cost 23.5 sec
06-12 01:18:12, --------------------------------------------------Epoch:152/299--------------------------------------------------
06-12 01:18:35, Epoch 152 Train, reg:0.1666, cls_score:1.4738, unsupervised:0.5992 mae:11.36, mse:20.29, Cost: 23.1 sec 
06-12 01:18:59, Epoch 152 Val, MAE: 77.89, MSE: 115.88 Cost 23.6 sec
06-12 01:18:59, --------------------------------------------------Epoch:153/299--------------------------------------------------
06-12 01:19:21, Epoch 153 Train, reg:0.1511, cls_score:1.3990, unsupervised:0.6006 mae:10.45, mse:20.32, Cost: 22.2 sec 
06-12 01:19:44, Epoch 153 Val, MAE: 69.60, MSE: 104.90 Cost 23.4 sec
06-12 01:19:44, --------------------------------------------------Epoch:154/299--------------------------------------------------
06-12 01:20:06, Epoch 154 Train, reg:0.1705, cls_score:1.5007, unsupervised:0.5821 mae:11.11, mse:20.35, Cost: 22.1 sec 
06-12 01:20:30, Epoch 154 Val, MAE: 64.90, MSE: 107.22 Cost 23.5 sec
06-12 01:20:30, --------------------------------------------------Epoch:155/299--------------------------------------------------
06-12 01:20:52, Epoch 155 Train, reg:0.1595, cls_score:1.4286, unsupervised:0.5972 mae:11.51, mse:20.51, Cost: 22.0 sec 
06-12 01:21:22, Epoch 155 Val, MAE: 68.45, MSE: 99.94 Cost 24.2 sec
06-12 01:21:22, --------------------------------------------------Epoch:156/299--------------------------------------------------
06-12 01:21:44, Epoch 156 Train, reg:0.1630, cls_score:1.4624, unsupervised:0.5864 mae:12.15, mse:27.82, Cost: 22.3 sec 
06-12 01:22:08, Epoch 156 Val, MAE: 74.88, MSE: 121.30 Cost 23.5 sec
06-12 01:22:08, --------------------------------------------------Epoch:157/299--------------------------------------------------
06-12 01:22:29, Epoch 157 Train, reg:0.1566, cls_score:1.4021, unsupervised:0.6040 mae:9.32, mse:18.61, Cost: 21.4 sec 
06-12 01:22:53, Epoch 157 Val, MAE: 81.59, MSE: 129.60 Cost 23.6 sec
06-12 01:22:53, --------------------------------------------------Epoch:158/299--------------------------------------------------
06-12 01:23:15, Epoch 158 Train, reg:0.1617, cls_score:1.4240, unsupervised:0.5896 mae:12.06, mse:21.54, Cost: 22.2 sec 
06-12 01:23:39, Epoch 158 Val, MAE: 83.99, MSE: 134.87 Cost 23.6 sec
06-12 01:23:39, --------------------------------------------------Epoch:159/299--------------------------------------------------
06-12 01:24:01, Epoch 159 Train, reg:0.1615, cls_score:1.4565, unsupervised:0.6004 mae:9.43, mse:20.48, Cost: 22.4 sec 
06-12 01:24:25, Epoch 159 Val, MAE: 66.47, MSE: 106.32 Cost 23.5 sec
06-12 01:24:25, --------------------------------------------------Epoch:160/299--------------------------------------------------
06-12 01:24:47, Epoch 160 Train, reg:0.1593, cls_score:1.4163, unsupervised:0.5733 mae:10.93, mse:19.57, Cost: 22.2 sec 
06-12 01:25:13, Epoch 160 Val, MAE: 89.37, MSE: 136.70 Cost 23.9 sec
06-12 01:25:13, --------------------------------------------------Epoch:161/299--------------------------------------------------
06-12 01:25:35, Epoch 161 Train, reg:0.1617, cls_score:1.4060, unsupervised:0.6082 mae:10.29, mse:20.51, Cost: 22.3 sec 
06-12 01:25:59, Epoch 161 Val, MAE: 69.45, MSE: 109.34 Cost 23.7 sec
06-12 01:25:59, --------------------------------------------------Epoch:162/299--------------------------------------------------
06-12 01:26:20, Epoch 162 Train, reg:0.1619, cls_score:1.4476, unsupervised:0.5979 mae:11.63, mse:21.10, Cost: 21.9 sec 
06-12 01:26:44, Epoch 162 Val, MAE: 72.14, MSE: 121.06 Cost 23.9 sec
06-12 01:26:44, --------------------------------------------------Epoch:163/299--------------------------------------------------
06-12 01:27:07, Epoch 163 Train, reg:0.1771, cls_score:1.5063, unsupervised:0.5999 mae:13.73, mse:23.54, Cost: 22.3 sec 
06-12 01:27:30, Epoch 163 Val, MAE: 68.86, MSE: 120.02 Cost 23.6 sec
06-12 01:27:30, --------------------------------------------------Epoch:164/299--------------------------------------------------
06-12 01:27:52, Epoch 164 Train, reg:0.1648, cls_score:1.4486, unsupervised:0.5946 mae:10.10, mse:18.35, Cost: 21.9 sec 
06-12 01:28:16, Epoch 164 Val, MAE: 67.06, MSE: 118.22 Cost 23.6 sec
06-12 01:28:16, --------------------------------------------------Epoch:165/299--------------------------------------------------
06-12 01:28:38, Epoch 165 Train, reg:0.1704, cls_score:1.4856, unsupervised:0.5806 mae:9.64, mse:18.05, Cost: 22.4 sec 
06-12 01:29:04, Epoch 165 Val, MAE: 66.49, MSE: 108.01 Cost 23.9 sec
06-12 01:29:04, --------------------------------------------------Epoch:166/299--------------------------------------------------
06-12 01:29:26, Epoch 166 Train, reg:0.1505, cls_score:1.4218, unsupervised:0.6156 mae:9.38, mse:20.71, Cost: 22.5 sec 
06-12 01:29:50, Epoch 166 Val, MAE: 76.55, MSE: 117.62 Cost 23.6 sec
06-12 01:29:50, --------------------------------------------------Epoch:167/299--------------------------------------------------
06-12 01:30:12, Epoch 167 Train, reg:0.1539, cls_score:1.4082, unsupervised:0.5820 mae:8.72, mse:18.68, Cost: 22.4 sec 
06-12 01:30:36, Epoch 167 Val, MAE: 67.44, MSE: 106.57 Cost 23.5 sec
06-12 01:30:36, --------------------------------------------------Epoch:168/299--------------------------------------------------
06-12 01:30:58, Epoch 168 Train, reg:0.1584, cls_score:1.4043, unsupervised:0.5961 mae:8.64, mse:13.70, Cost: 22.0 sec 
06-12 01:31:21, Epoch 168 Val, MAE: 66.51, MSE: 105.84 Cost 23.5 sec
06-12 01:31:21, --------------------------------------------------Epoch:169/299--------------------------------------------------
06-12 01:31:43, Epoch 169 Train, reg:0.1501, cls_score:1.3845, unsupervised:0.5871 mae:10.19, mse:18.52, Cost: 21.7 sec 
06-12 01:32:07, Epoch 169 Val, MAE: 65.77, MSE: 101.20 Cost 23.6 sec
06-12 01:32:07, --------------------------------------------------Epoch:170/299--------------------------------------------------
06-12 01:32:30, Epoch 170 Train, reg:0.1625, cls_score:1.4515, unsupervised:0.5736 mae:11.75, mse:22.57, Cost: 22.9 sec 
06-12 01:32:55, Epoch 170 Val, MAE: 72.05, MSE: 107.19 Cost 23.9 sec
06-12 01:32:55, --------------------------------------------------Epoch:171/299--------------------------------------------------
06-12 01:33:17, Epoch 171 Train, reg:0.1644, cls_score:1.4540, unsupervised:0.5937 mae:11.10, mse:22.94, Cost: 22.0 sec 
06-12 01:33:41, Epoch 171 Val, MAE: 77.45, MSE: 123.06 Cost 23.4 sec
06-12 01:33:41, --------------------------------------------------Epoch:172/299--------------------------------------------------
06-12 01:34:03, Epoch 172 Train, reg:0.1639, cls_score:1.4787, unsupervised:0.6071 mae:11.52, mse:23.39, Cost: 22.1 sec 
06-12 01:34:26, Epoch 172 Val, MAE: 77.43, MSE: 119.77 Cost 23.6 sec
06-12 01:34:26, --------------------------------------------------Epoch:173/299--------------------------------------------------
06-12 01:34:48, Epoch 173 Train, reg:0.1619, cls_score:1.4515, unsupervised:0.5891 mae:9.58, mse:16.72, Cost: 22.0 sec 
06-12 01:35:12, Epoch 173 Val, MAE: 63.84, MSE: 102.62 Cost 23.6 sec
06-12 01:35:12, --------------------------------------------------Epoch:174/299--------------------------------------------------
06-12 01:35:35, Epoch 174 Train, reg:0.1594, cls_score:1.4438, unsupervised:0.6064 mae:10.42, mse:18.70, Cost: 22.6 sec 
06-12 01:35:58, Epoch 174 Val, MAE: 65.16, MSE: 108.46 Cost 23.5 sec
06-12 01:35:58, --------------------------------------------------Epoch:175/299--------------------------------------------------
06-12 01:36:20, Epoch 175 Train, reg:0.1630, cls_score:1.4611, unsupervised:0.5957 mae:9.67, mse:16.79, Cost: 21.9 sec 
06-12 01:36:46, Epoch 175 Val, MAE: 87.31, MSE: 142.71 Cost 24.0 sec
06-12 01:36:46, --------------------------------------------------Epoch:176/299--------------------------------------------------
06-12 01:37:08, Epoch 176 Train, reg:0.1619, cls_score:1.4713, unsupervised:0.6160 mae:10.08, mse:19.34, Cost: 21.3 sec 
06-12 01:37:31, Epoch 176 Val, MAE: 65.65, MSE: 105.03 Cost 23.5 sec
06-12 01:37:31, --------------------------------------------------Epoch:177/299--------------------------------------------------
06-12 01:37:53, Epoch 177 Train, reg:0.1570, cls_score:1.4023, unsupervised:0.6141 mae:13.38, mse:32.71, Cost: 22.2 sec 
06-12 01:38:17, Epoch 177 Val, MAE: 66.89, MSE: 114.73 Cost 23.8 sec
06-12 01:38:17, --------------------------------------------------Epoch:178/299--------------------------------------------------
06-12 01:38:39, Epoch 178 Train, reg:0.1612, cls_score:1.4581, unsupervised:0.5977 mae:12.64, mse:23.56, Cost: 21.8 sec 
06-12 01:39:02, Epoch 178 Val, MAE: 77.72, MSE: 122.06 Cost 23.4 sec
06-12 01:39:02, --------------------------------------------------Epoch:179/299--------------------------------------------------
06-12 01:39:24, Epoch 179 Train, reg:0.1522, cls_score:1.4157, unsupervised:0.5852 mae:8.95, mse:16.78, Cost: 22.1 sec 
06-12 01:39:48, Epoch 179 Val, MAE: 72.74, MSE: 116.20 Cost 23.6 sec
06-12 01:39:48, --------------------------------------------------Epoch:180/299--------------------------------------------------
06-12 01:40:10, Epoch 180 Train, reg:0.1579, cls_score:1.3986, unsupervised:0.5836 mae:10.33, mse:19.65, Cost: 22.3 sec 
06-12 01:40:36, Epoch 180 Val, MAE: 77.94, MSE: 122.43 Cost 23.8 sec
06-12 01:40:36, --------------------------------------------------Epoch:181/299--------------------------------------------------
06-12 01:40:58, Epoch 181 Train, reg:0.1601, cls_score:1.4560, unsupervised:0.6026 mae:11.77, mse:23.96, Cost: 21.4 sec 
06-12 01:41:21, Epoch 181 Val, MAE: 66.34, MSE: 110.87 Cost 23.7 sec
06-12 01:41:21, --------------------------------------------------Epoch:182/299--------------------------------------------------
06-12 01:41:44, Epoch 182 Train, reg:0.1491, cls_score:1.3865, unsupervised:0.6037 mae:10.27, mse:18.58, Cost: 22.4 sec 
06-12 01:42:07, Epoch 182 Val, MAE: 64.19, MSE: 102.05 Cost 23.5 sec
06-12 01:42:07, --------------------------------------------------Epoch:183/299--------------------------------------------------
06-12 01:42:29, Epoch 183 Train, reg:0.1576, cls_score:1.4387, unsupervised:0.5952 mae:9.29, mse:17.09, Cost: 21.6 sec 
06-12 01:42:52, Epoch 183 Val, MAE: 69.99, MSE: 108.02 Cost 23.5 sec
06-12 01:42:52, --------------------------------------------------Epoch:184/299--------------------------------------------------
06-12 01:43:15, Epoch 184 Train, reg:0.1415, cls_score:1.3369, unsupervised:0.5891 mae:9.23, mse:23.50, Cost: 22.3 sec 
06-12 01:43:38, Epoch 184 Val, MAE: 82.38, MSE: 123.01 Cost 23.5 sec
06-12 01:43:38, --------------------------------------------------Epoch:185/299--------------------------------------------------
06-12 01:44:00, Epoch 185 Train, reg:0.1602, cls_score:1.4538, unsupervised:0.5890 mae:9.55, mse:16.47, Cost: 22.0 sec 
06-12 01:44:27, Epoch 185 Val, MAE: 63.96, MSE: 98.46 Cost 24.6 sec
06-12 01:44:27, --------------------------------------------------Epoch:186/299--------------------------------------------------
06-12 01:44:48, Epoch 186 Train, reg:0.1540, cls_score:1.4266, unsupervised:0.6132 mae:9.64, mse:17.82, Cost: 21.4 sec 
06-12 01:45:12, Epoch 186 Val, MAE: 64.31, MSE: 99.25 Cost 23.5 sec
06-12 01:45:12, --------------------------------------------------Epoch:187/299--------------------------------------------------
06-12 01:45:34, Epoch 187 Train, reg:0.1489, cls_score:1.4030, unsupervised:0.6031 mae:8.57, mse:16.00, Cost: 21.8 sec 
06-12 01:45:57, Epoch 187 Val, MAE: 82.64, MSE: 131.15 Cost 23.5 sec
06-12 01:45:57, --------------------------------------------------Epoch:188/299--------------------------------------------------
06-12 01:46:18, Epoch 188 Train, reg:0.1623, cls_score:1.4642, unsupervised:0.5931 mae:12.09, mse:26.44, Cost: 21.4 sec 
06-12 01:46:42, Epoch 188 Val, MAE: 67.97, MSE: 100.18 Cost 23.5 sec
06-12 01:46:42, --------------------------------------------------Epoch:189/299--------------------------------------------------
06-12 01:47:05, Epoch 189 Train, reg:0.1614, cls_score:1.4431, unsupervised:0.5931 mae:10.81, mse:18.96, Cost: 22.8 sec 
06-12 01:47:28, Epoch 189 Val, MAE: 66.03, MSE: 116.35 Cost 23.6 sec
06-12 01:47:28, --------------------------------------------------Epoch:190/299--------------------------------------------------
06-12 01:47:50, Epoch 190 Train, reg:0.1566, cls_score:1.4196, unsupervised:0.5931 mae:10.25, mse:20.48, Cost: 21.8 sec 
06-12 01:48:16, Epoch 190 Val, MAE: 87.67, MSE: 136.73 Cost 23.9 sec
06-12 01:48:16, --------------------------------------------------Epoch:191/299--------------------------------------------------
06-12 01:48:37, Epoch 191 Train, reg:0.1618, cls_score:1.4640, unsupervised:0.6048 mae:11.04, mse:19.47, Cost: 21.3 sec 
06-12 01:49:01, Epoch 191 Val, MAE: 63.47, MSE: 101.29 Cost 23.6 sec
06-12 01:49:01, --------------------------------------------------Epoch:192/299--------------------------------------------------
06-12 01:49:23, Epoch 192 Train, reg:0.1614, cls_score:1.4539, unsupervised:0.5831 mae:10.55, mse:17.68, Cost: 21.8 sec 
06-12 01:49:46, Epoch 192 Val, MAE: 70.97, MSE: 109.89 Cost 23.5 sec
06-12 01:49:46, --------------------------------------------------Epoch:193/299--------------------------------------------------
06-12 01:50:09, Epoch 193 Train, reg:0.1521, cls_score:1.4198, unsupervised:0.5884 mae:9.31, mse:16.46, Cost: 22.3 sec 
06-12 01:50:32, Epoch 193 Val, MAE: 66.58, MSE: 104.16 Cost 23.5 sec
06-12 01:50:32, --------------------------------------------------Epoch:194/299--------------------------------------------------
06-12 01:50:54, Epoch 194 Train, reg:0.1512, cls_score:1.4142, unsupervised:0.6208 mae:11.85, mse:22.67, Cost: 22.0 sec 
06-12 01:51:18, Epoch 194 Val, MAE: 62.04, MSE: 100.48 Cost 23.5 sec
06-12 01:51:18, --------------------------------------------------Epoch:195/299--------------------------------------------------
06-12 01:51:40, Epoch 195 Train, reg:0.1531, cls_score:1.4162, unsupervised:0.6226 mae:10.37, mse:19.99, Cost: 21.9 sec 
06-12 01:52:06, Epoch 195 Val, MAE: 68.83, MSE: 107.32 Cost 23.9 sec
06-12 01:52:06, --------------------------------------------------Epoch:196/299--------------------------------------------------
06-12 01:52:27, Epoch 196 Train, reg:0.1570, cls_score:1.4327, unsupervised:0.5841 mae:9.43, mse:16.34, Cost: 21.6 sec 
06-12 01:52:51, Epoch 196 Val, MAE: 77.49, MSE: 117.50 Cost 23.5 sec
06-12 01:52:51, --------------------------------------------------Epoch:197/299--------------------------------------------------
06-12 01:53:13, Epoch 197 Train, reg:0.1570, cls_score:1.4542, unsupervised:0.6078 mae:10.82, mse:18.08, Cost: 22.7 sec 
06-12 01:53:37, Epoch 197 Val, MAE: 70.97, MSE: 111.06 Cost 23.6 sec
06-12 01:53:37, --------------------------------------------------Epoch:198/299--------------------------------------------------
06-12 01:53:58, Epoch 198 Train, reg:0.1586, cls_score:1.4404, unsupervised:0.6100 mae:11.54, mse:22.77, Cost: 21.5 sec 
06-12 01:54:22, Epoch 198 Val, MAE: 66.52, MSE: 102.82 Cost 23.5 sec
06-12 01:54:22, --------------------------------------------------Epoch:199/299--------------------------------------------------
06-12 01:54:44, Epoch 199 Train, reg:0.1556, cls_score:1.4470, unsupervised:0.5987 mae:9.60, mse:17.18, Cost: 22.0 sec 
06-12 01:55:08, Epoch 199 Val, MAE: 72.06, MSE: 112.46 Cost 23.6 sec
06-12 01:55:08, --------------------------------------------------Epoch:200/299--------------------------------------------------
06-12 01:55:29, Epoch 200 Train, reg:0.1514, cls_score:1.3761, unsupervised:0.6088 mae:11.32, mse:20.70, Cost: 21.5 sec 
06-12 01:55:55, Epoch 200 Val, MAE: 60.35, MSE: 92.66 Cost 23.8 sec
06-12 01:55:56, Save best model: MAE: 60.35 MSE:92.66 model epoch 200
06-12 01:55:56, --------------------------------------------------Epoch:201/299--------------------------------------------------
06-12 01:56:18, Epoch 201 Train, reg:0.1581, cls_score:1.4448, unsupervised:0.6215 mae:10.13, mse:17.41, Cost: 22.8 sec 
06-12 01:56:42, Epoch 201 Val, MAE: 62.48, MSE: 97.70 Cost 23.6 sec
06-12 01:56:42, --------------------------------------------------Epoch:202/299--------------------------------------------------
06-12 01:57:04, Epoch 202 Train, reg:0.1492, cls_score:1.3867, unsupervised:0.6080 mae:9.79, mse:15.72, Cost: 22.2 sec 
06-12 01:57:28, Epoch 202 Val, MAE: 69.00, MSE: 102.62 Cost 23.6 sec
06-12 01:57:28, --------------------------------------------------Epoch:203/299--------------------------------------------------
06-12 01:57:49, Epoch 203 Train, reg:0.1489, cls_score:1.3788, unsupervised:0.5957 mae:9.85, mse:18.64, Cost: 21.5 sec 
06-12 01:58:13, Epoch 203 Val, MAE: 67.94, MSE: 115.60 Cost 23.6 sec
06-12 01:58:13, --------------------------------------------------Epoch:204/299--------------------------------------------------
06-12 01:58:35, Epoch 204 Train, reg:0.1536, cls_score:1.4256, unsupervised:0.6305 mae:11.66, mse:20.06, Cost: 22.0 sec 
06-12 01:58:59, Epoch 204 Val, MAE: 65.55, MSE: 101.09 Cost 23.6 sec
06-12 01:58:59, --------------------------------------------------Epoch:205/299--------------------------------------------------
06-12 01:59:21, Epoch 205 Train, reg:0.1496, cls_score:1.4003, unsupervised:0.6052 mae:10.08, mse:20.89, Cost: 22.1 sec 
06-12 01:59:47, Epoch 205 Val, MAE: 66.03, MSE: 101.03 Cost 23.8 sec
06-12 01:59:47, --------------------------------------------------Epoch:206/299--------------------------------------------------
06-12 02:00:09, Epoch 206 Train, reg:0.1517, cls_score:1.4009, unsupervised:0.6072 mae:9.96, mse:18.88, Cost: 21.9 sec 
06-12 02:00:32, Epoch 206 Val, MAE: 61.90, MSE: 100.80 Cost 23.5 sec
06-12 02:00:32, --------------------------------------------------Epoch:207/299--------------------------------------------------
06-12 02:00:54, Epoch 207 Train, reg:0.1514, cls_score:1.4160, unsupervised:0.6017 mae:10.48, mse:17.61, Cost: 22.0 sec 
06-12 02:01:17, Epoch 207 Val, MAE: 66.31, MSE: 101.16 Cost 23.4 sec
06-12 02:01:17, --------------------------------------------------Epoch:208/299--------------------------------------------------
06-12 02:01:39, Epoch 208 Train, reg:0.1549, cls_score:1.4127, unsupervised:0.6106 mae:10.14, mse:18.93, Cost: 21.8 sec 
06-12 02:02:03, Epoch 208 Val, MAE: 73.59, MSE: 113.53 Cost 23.6 sec
06-12 02:02:03, --------------------------------------------------Epoch:209/299--------------------------------------------------
06-12 02:02:26, Epoch 209 Train, reg:0.1442, cls_score:1.3750, unsupervised:0.5897 mae:8.02, mse:14.90, Cost: 22.9 sec 
06-12 02:02:49, Epoch 209 Val, MAE: 71.23, MSE: 112.63 Cost 23.5 sec
06-12 02:02:49, --------------------------------------------------Epoch:210/299--------------------------------------------------
06-12 02:03:10, Epoch 210 Train, reg:0.1407, cls_score:1.3676, unsupervised:0.5881 mae:9.00, mse:17.31, Cost: 21.2 sec 
06-12 02:03:36, Epoch 210 Val, MAE: 112.23, MSE: 171.35 Cost 23.9 sec
06-12 02:03:36, --------------------------------------------------Epoch:211/299--------------------------------------------------
06-12 02:03:59, Epoch 211 Train, reg:0.1522, cls_score:1.4137, unsupervised:0.6097 mae:12.82, mse:24.57, Cost: 22.1 sec 
06-12 02:04:22, Epoch 211 Val, MAE: 75.39, MSE: 115.09 Cost 23.5 sec
06-12 02:04:22, --------------------------------------------------Epoch:212/299--------------------------------------------------
06-12 02:04:44, Epoch 212 Train, reg:0.1397, cls_score:1.3587, unsupervised:0.6309 mae:9.88, mse:22.91, Cost: 21.9 sec 
06-12 02:05:07, Epoch 212 Val, MAE: 86.32, MSE: 135.78 Cost 23.4 sec
06-12 02:05:07, --------------------------------------------------Epoch:213/299--------------------------------------------------
06-12 02:05:30, Epoch 213 Train, reg:0.1511, cls_score:1.4197, unsupervised:0.6217 mae:10.77, mse:18.89, Cost: 22.6 sec 
06-12 02:05:54, Epoch 213 Val, MAE: 88.02, MSE: 135.75 Cost 23.5 sec
06-12 02:05:54, --------------------------------------------------Epoch:214/299--------------------------------------------------
06-12 02:06:16, Epoch 214 Train, reg:0.1531, cls_score:1.4171, unsupervised:0.6071 mae:9.89, mse:17.84, Cost: 22.4 sec 
06-12 02:06:40, Epoch 214 Val, MAE: 67.05, MSE: 103.87 Cost 23.6 sec
06-12 02:06:40, --------------------------------------------------Epoch:215/299--------------------------------------------------
06-12 02:07:01, Epoch 215 Train, reg:0.1539, cls_score:1.4164, unsupervised:0.6301 mae:9.94, mse:18.21, Cost: 21.4 sec 
06-12 02:07:27, Epoch 215 Val, MAE: 66.60, MSE: 100.25 Cost 23.9 sec
06-12 02:07:27, --------------------------------------------------Epoch:216/299--------------------------------------------------
06-12 02:07:49, Epoch 216 Train, reg:0.1481, cls_score:1.4055, unsupervised:0.6032 mae:10.11, mse:17.28, Cost: 22.2 sec 
06-12 02:08:13, Epoch 216 Val, MAE: 65.46, MSE: 106.28 Cost 23.6 sec
06-12 02:08:13, --------------------------------------------------Epoch:217/299--------------------------------------------------
06-12 02:08:36, Epoch 217 Train, reg:0.1418, cls_score:1.3883, unsupervised:0.5994 mae:9.06, mse:20.17, Cost: 22.8 sec 
06-12 02:08:59, Epoch 217 Val, MAE: 70.38, MSE: 109.90 Cost 23.4 sec
06-12 02:08:59, --------------------------------------------------Epoch:218/299--------------------------------------------------
06-12 02:09:21, Epoch 218 Train, reg:0.1501, cls_score:1.3827, unsupervised:0.5941 mae:9.44, mse:15.65, Cost: 22.0 sec 
06-12 02:09:45, Epoch 218 Val, MAE: 64.32, MSE: 100.33 Cost 23.6 sec
06-12 02:09:45, --------------------------------------------------Epoch:219/299--------------------------------------------------
06-12 02:10:07, Epoch 219 Train, reg:0.1548, cls_score:1.4526, unsupervised:0.6017 mae:9.08, mse:18.16, Cost: 21.9 sec 
06-12 02:10:30, Epoch 219 Val, MAE: 77.07, MSE: 125.63 Cost 23.5 sec
06-12 02:10:30, --------------------------------------------------Epoch:220/299--------------------------------------------------
06-12 02:10:52, Epoch 220 Train, reg:0.1439, cls_score:1.3853, unsupervised:0.6114 mae:9.86, mse:20.21, Cost: 21.5 sec 
06-12 02:11:20, Epoch 220 Val, MAE: 63.18, MSE: 108.23 Cost 23.9 sec
06-12 02:11:20, --------------------------------------------------Epoch:221/299--------------------------------------------------
06-12 02:11:43, Epoch 221 Train, reg:0.1556, cls_score:1.4308, unsupervised:0.6081 mae:11.44, mse:20.44, Cost: 22.7 sec 
06-12 02:12:06, Epoch 221 Val, MAE: 64.58, MSE: 107.66 Cost 23.6 sec
06-12 02:12:06, --------------------------------------------------Epoch:222/299--------------------------------------------------
06-12 02:12:28, Epoch 222 Train, reg:0.1504, cls_score:1.4079, unsupervised:0.6180 mae:9.98, mse:19.38, Cost: 21.9 sec 
06-12 02:12:52, Epoch 222 Val, MAE: 66.83, MSE: 111.99 Cost 23.6 sec
06-12 02:12:52, --------------------------------------------------Epoch:223/299--------------------------------------------------
06-12 02:13:13, Epoch 223 Train, reg:0.1491, cls_score:1.3847, unsupervised:0.6112 mae:7.77, mse:14.09, Cost: 21.2 sec 
06-12 02:13:37, Epoch 223 Val, MAE: 85.35, MSE: 130.85 Cost 23.6 sec
06-12 02:13:37, --------------------------------------------------Epoch:224/299--------------------------------------------------
06-12 02:13:59, Epoch 224 Train, reg:0.1494, cls_score:1.4186, unsupervised:0.6140 mae:10.51, mse:22.24, Cost: 22.3 sec 
06-12 02:14:22, Epoch 224 Val, MAE: 69.00, MSE: 108.86 Cost 23.6 sec
06-12 02:14:22, --------------------------------------------------Epoch:225/299--------------------------------------------------
06-12 02:14:45, Epoch 225 Train, reg:0.1514, cls_score:1.4204, unsupervised:0.6387 mae:10.24, mse:18.63, Cost: 22.3 sec 
06-12 02:15:11, Epoch 225 Val, MAE: 66.06, MSE: 105.50 Cost 23.8 sec
06-12 02:15:11, --------------------------------------------------Epoch:226/299--------------------------------------------------
06-12 02:15:33, Epoch 226 Train, reg:0.1492, cls_score:1.3780, unsupervised:0.6294 mae:9.95, mse:21.00, Cost: 21.9 sec 
06-12 02:15:56, Epoch 226 Val, MAE: 73.94, MSE: 114.94 Cost 23.6 sec
06-12 02:15:56, --------------------------------------------------Epoch:227/299--------------------------------------------------
06-12 02:16:19, Epoch 227 Train, reg:0.1435, cls_score:1.3822, unsupervised:0.5983 mae:7.81, mse:13.76, Cost: 22.2 sec 
06-12 02:16:42, Epoch 227 Val, MAE: 78.46, MSE: 127.55 Cost 23.6 sec
06-12 02:16:42, --------------------------------------------------Epoch:228/299--------------------------------------------------
06-12 02:17:04, Epoch 228 Train, reg:0.1471, cls_score:1.3866, unsupervised:0.6102 mae:11.72, mse:20.83, Cost: 21.8 sec 
06-12 02:17:28, Epoch 228 Val, MAE: 73.24, MSE: 117.51 Cost 23.7 sec
06-12 02:17:28, --------------------------------------------------Epoch:229/299--------------------------------------------------
06-12 02:17:51, Epoch 229 Train, reg:0.1472, cls_score:1.3819, unsupervised:0.6091 mae:11.90, mse:26.67, Cost: 23.4 sec 
06-12 02:18:15, Epoch 229 Val, MAE: 65.57, MSE: 116.24 Cost 23.6 sec
06-12 02:18:15, --------------------------------------------------Epoch:230/299--------------------------------------------------
06-12 02:18:36, Epoch 230 Train, reg:0.1371, cls_score:1.3631, unsupervised:0.6146 mae:7.47, mse:14.29, Cost: 21.7 sec 
06-12 02:19:05, Epoch 230 Val, MAE: 69.48, MSE: 107.89 Cost 23.9 sec
06-12 02:19:05, --------------------------------------------------Epoch:231/299--------------------------------------------------
06-12 02:19:27, Epoch 231 Train, reg:0.1418, cls_score:1.3500, unsupervised:0.6163 mae:9.22, mse:18.20, Cost: 21.5 sec 
06-12 02:19:51, Epoch 231 Val, MAE: 65.11, MSE: 102.87 Cost 23.6 sec
06-12 02:19:51, --------------------------------------------------Epoch:232/299--------------------------------------------------
06-12 02:20:13, Epoch 232 Train, reg:0.1433, cls_score:1.3979, unsupervised:0.6131 mae:9.75, mse:22.14, Cost: 22.1 sec 
06-12 02:20:36, Epoch 232 Val, MAE: 62.90, MSE: 99.45 Cost 23.7 sec
06-12 02:20:36, --------------------------------------------------Epoch:233/299--------------------------------------------------
06-12 02:20:58, Epoch 233 Train, reg:0.1472, cls_score:1.4118, unsupervised:0.6442 mae:11.39, mse:20.52, Cost: 21.8 sec 
06-12 02:21:22, Epoch 233 Val, MAE: 63.66, MSE: 106.24 Cost 23.7 sec
06-12 02:21:22, --------------------------------------------------Epoch:234/299--------------------------------------------------
06-12 02:21:44, Epoch 234 Train, reg:0.1535, cls_score:1.4126, unsupervised:0.6316 mae:10.26, mse:19.78, Cost: 22.2 sec 
06-12 02:22:08, Epoch 234 Val, MAE: 76.53, MSE: 115.63 Cost 23.6 sec
06-12 02:22:08, --------------------------------------------------Epoch:235/299--------------------------------------------------
06-12 02:22:30, Epoch 235 Train, reg:0.1417, cls_score:1.3852, unsupervised:0.5985 mae:7.96, mse:15.33, Cost: 22.1 sec 
06-12 02:22:56, Epoch 235 Val, MAE: 61.87, MSE: 99.72 Cost 24.0 sec
06-12 02:22:56, --------------------------------------------------Epoch:236/299--------------------------------------------------
06-12 02:23:17, Epoch 236 Train, reg:0.1401, cls_score:1.3769, unsupervised:0.6257 mae:8.55, mse:15.14, Cost: 21.6 sec 
06-12 02:23:41, Epoch 236 Val, MAE: 64.00, MSE: 104.03 Cost 23.6 sec
06-12 02:23:41, --------------------------------------------------Epoch:237/299--------------------------------------------------
06-12 02:24:03, Epoch 237 Train, reg:0.1462, cls_score:1.3849, unsupervised:0.6265 mae:8.09, mse:12.52, Cost: 22.1 sec 
06-12 02:24:27, Epoch 237 Val, MAE: 79.69, MSE: 127.23 Cost 23.7 sec
06-12 02:24:27, --------------------------------------------------Epoch:238/299--------------------------------------------------
06-12 02:24:49, Epoch 238 Train, reg:0.1530, cls_score:1.4159, unsupervised:0.6129 mae:11.80, mse:20.79, Cost: 21.6 sec 
06-12 02:25:12, Epoch 238 Val, MAE: 72.99, MSE: 116.56 Cost 23.6 sec
06-12 02:25:12, --------------------------------------------------Epoch:239/299--------------------------------------------------
06-12 02:25:35, Epoch 239 Train, reg:0.1458, cls_score:1.4119, unsupervised:0.6111 mae:9.21, mse:15.63, Cost: 22.7 sec 
06-12 02:25:58, Epoch 239 Val, MAE: 68.91, MSE: 114.02 Cost 23.6 sec
06-12 02:25:58, --------------------------------------------------Epoch:240/299--------------------------------------------------
06-12 02:26:21, Epoch 240 Train, reg:0.1472, cls_score:1.4076, unsupervised:0.6116 mae:11.32, mse:23.63, Cost: 23.0 sec 
06-12 02:26:50, Epoch 240 Val, MAE: 89.57, MSE: 133.28 Cost 24.4 sec
06-12 02:26:50, --------------------------------------------------Epoch:241/299--------------------------------------------------
06-12 02:27:13, Epoch 241 Train, reg:0.1526, cls_score:1.4068, unsupervised:0.6158 mae:9.94, mse:18.59, Cost: 23.3 sec 
06-12 02:27:37, Epoch 241 Val, MAE: 64.75, MSE: 107.99 Cost 23.8 sec
06-12 02:27:37, --------------------------------------------------Epoch:242/299--------------------------------------------------
06-12 02:28:00, Epoch 242 Train, reg:0.1468, cls_score:1.3693, unsupervised:0.6251 mae:9.86, mse:20.09, Cost: 22.9 sec 
06-12 02:28:24, Epoch 242 Val, MAE: 70.18, MSE: 111.46 Cost 23.9 sec
06-12 02:28:24, --------------------------------------------------Epoch:243/299--------------------------------------------------
06-12 02:28:47, Epoch 243 Train, reg:0.1483, cls_score:1.4239, unsupervised:0.6214 mae:8.97, mse:15.62, Cost: 22.8 sec 
06-12 02:29:10, Epoch 243 Val, MAE: 63.84, MSE: 99.12 Cost 23.7 sec
06-12 02:29:10, --------------------------------------------------Epoch:244/299--------------------------------------------------
06-12 02:29:33, Epoch 244 Train, reg:0.1425, cls_score:1.3551, unsupervised:0.6117 mae:8.90, mse:17.81, Cost: 22.5 sec 
06-12 02:29:57, Epoch 244 Val, MAE: 63.45, MSE: 101.74 Cost 23.8 sec
06-12 02:29:57, --------------------------------------------------Epoch:245/299--------------------------------------------------
06-12 02:30:20, Epoch 245 Train, reg:0.1507, cls_score:1.4119, unsupervised:0.6043 mae:9.40, mse:15.98, Cost: 22.8 sec 
06-12 02:30:46, Epoch 245 Val, MAE: 62.17, MSE: 103.31 Cost 24.4 sec
06-12 02:30:46, --------------------------------------------------Epoch:246/299--------------------------------------------------
06-12 02:31:08, Epoch 246 Train, reg:0.1472, cls_score:1.3986, unsupervised:0.6157 mae:7.82, mse:15.09, Cost: 21.9 sec 
06-12 02:31:31, Epoch 246 Val, MAE: 71.24, MSE: 112.46 Cost 23.6 sec
06-12 02:31:31, --------------------------------------------------Epoch:247/299--------------------------------------------------
06-12 02:31:54, Epoch 247 Train, reg:0.1468, cls_score:1.4114, unsupervised:0.6313 mae:7.78, mse:12.87, Cost: 22.5 sec 
06-12 02:32:18, Epoch 247 Val, MAE: 79.81, MSE: 126.34 Cost 23.7 sec
06-12 02:32:18, --------------------------------------------------Epoch:248/299--------------------------------------------------
06-12 02:32:40, Epoch 248 Train, reg:0.1416, cls_score:1.3783, unsupervised:0.6202 mae:9.35, mse:19.43, Cost: 22.4 sec 
06-12 02:33:04, Epoch 248 Val, MAE: 81.11, MSE: 119.40 Cost 23.5 sec
06-12 02:33:04, --------------------------------------------------Epoch:249/299--------------------------------------------------
06-12 02:33:26, Epoch 249 Train, reg:0.1405, cls_score:1.3752, unsupervised:0.6384 mae:9.19, mse:15.83, Cost: 22.5 sec 
06-12 02:33:50, Epoch 249 Val, MAE: 66.72, MSE: 105.11 Cost 23.6 sec
06-12 02:33:50, --------------------------------------------------Epoch:250/299--------------------------------------------------
06-12 02:34:13, Epoch 250 Train, reg:0.1449, cls_score:1.3840, unsupervised:0.6199 mae:10.62, mse:21.16, Cost: 23.5 sec 
06-12 02:34:44, Epoch 250 Val, MAE: 78.58, MSE: 129.85 Cost 24.1 sec
06-12 02:34:44, --------------------------------------------------Epoch:251/299--------------------------------------------------
06-12 02:35:06, Epoch 251 Train, reg:0.1431, cls_score:1.3994, unsupervised:0.6202 mae:8.11, mse:14.45, Cost: 22.4 sec 
06-12 02:35:30, Epoch 251 Val, MAE: 71.61, MSE: 111.12 Cost 23.6 sec
06-12 02:35:30, --------------------------------------------------Epoch:252/299--------------------------------------------------
06-12 02:35:51, Epoch 252 Train, reg:0.1469, cls_score:1.3973, unsupervised:0.6362 mae:10.33, mse:19.24, Cost: 21.6 sec 
06-12 02:36:15, Epoch 252 Val, MAE: 68.82, MSE: 113.01 Cost 23.7 sec
06-12 02:36:15, --------------------------------------------------Epoch:253/299--------------------------------------------------
06-12 02:36:37, Epoch 253 Train, reg:0.1422, cls_score:1.3858, unsupervised:0.6227 mae:8.43, mse:14.43, Cost: 22.3 sec 
06-12 02:37:01, Epoch 253 Val, MAE: 66.19, MSE: 107.37 Cost 23.6 sec
06-12 02:37:01, --------------------------------------------------Epoch:254/299--------------------------------------------------
06-12 02:37:24, Epoch 254 Train, reg:0.1436, cls_score:1.3521, unsupervised:0.6223 mae:7.62, mse:14.61, Cost: 23.0 sec 
06-12 02:37:48, Epoch 254 Val, MAE: 66.69, MSE: 105.77 Cost 23.7 sec
06-12 02:37:48, --------------------------------------------------Epoch:255/299--------------------------------------------------
06-12 02:38:10, Epoch 255 Train, reg:0.1363, cls_score:1.3338, unsupervised:0.6293 mae:9.38, mse:16.02, Cost: 22.5 sec 
06-12 02:38:36, Epoch 255 Val, MAE: 67.92, MSE: 106.55 Cost 24.1 sec
06-12 02:38:36, --------------------------------------------------Epoch:256/299--------------------------------------------------
06-12 02:38:59, Epoch 256 Train, reg:0.1411, cls_score:1.3692, unsupervised:0.6382 mae:9.70, mse:19.86, Cost: 22.7 sec 
06-12 02:39:23, Epoch 256 Val, MAE: 63.97, MSE: 116.99 Cost 23.7 sec
06-12 02:39:23, --------------------------------------------------Epoch:257/299--------------------------------------------------
06-12 02:39:45, Epoch 257 Train, reg:0.1493, cls_score:1.3926, unsupervised:0.6093 mae:9.84, mse:19.44, Cost: 22.0 sec 
06-12 02:40:09, Epoch 257 Val, MAE: 66.56, MSE: 112.04 Cost 23.7 sec
06-12 02:40:09, --------------------------------------------------Epoch:258/299--------------------------------------------------
06-12 02:40:32, Epoch 258 Train, reg:0.1380, cls_score:1.3515, unsupervised:0.6310 mae:8.72, mse:14.68, Cost: 23.9 sec 
06-12 02:40:56, Epoch 258 Val, MAE: 69.60, MSE: 111.53 Cost 23.8 sec
06-12 02:40:56, --------------------------------------------------Epoch:259/299--------------------------------------------------
06-12 02:41:18, Epoch 259 Train, reg:0.1439, cls_score:1.3800, unsupervised:0.6414 mae:8.95, mse:16.52, Cost: 22.2 sec 
06-12 02:41:42, Epoch 259 Val, MAE: 69.72, MSE: 116.79 Cost 23.6 sec
06-12 02:41:42, --------------------------------------------------Epoch:260/299--------------------------------------------------
06-12 02:42:05, Epoch 260 Train, reg:0.1434, cls_score:1.3779, unsupervised:0.6296 mae:9.70, mse:19.47, Cost: 22.5 sec 
06-12 02:42:31, Epoch 260 Val, MAE: 62.42, MSE: 103.97 Cost 24.1 sec
06-12 02:42:31, --------------------------------------------------Epoch:261/299--------------------------------------------------
06-12 02:42:54, Epoch 261 Train, reg:0.1435, cls_score:1.4009, unsupervised:0.6245 mae:9.19, mse:15.85, Cost: 23.0 sec 
06-12 02:43:18, Epoch 261 Val, MAE: 64.71, MSE: 107.78 Cost 23.8 sec
06-12 02:43:18, --------------------------------------------------Epoch:262/299--------------------------------------------------
06-12 02:43:40, Epoch 262 Train, reg:0.1373, cls_score:1.3265, unsupervised:0.6107 mae:8.18, mse:14.03, Cost: 23.0 sec 
06-12 02:44:04, Epoch 262 Val, MAE: 68.93, MSE: 110.76 Cost 24.0 sec
06-12 02:44:04, --------------------------------------------------Epoch:263/299--------------------------------------------------
06-12 02:44:28, Epoch 263 Train, reg:0.1368, cls_score:1.3460, unsupervised:0.6419 mae:8.49, mse:15.67, Cost: 23.3 sec 
06-12 02:44:51, Epoch 263 Val, MAE: 71.75, MSE: 117.80 Cost 23.7 sec
06-12 02:44:51, --------------------------------------------------Epoch:264/299--------------------------------------------------
06-12 02:45:14, Epoch 264 Train, reg:0.1449, cls_score:1.3716, unsupervised:0.6174 mae:9.63, mse:17.82, Cost: 22.6 sec 
06-12 02:45:38, Epoch 264 Val, MAE: 70.79, MSE: 112.79 Cost 23.5 sec
06-12 02:45:38, --------------------------------------------------Epoch:265/299--------------------------------------------------
06-12 02:45:59, Epoch 265 Train, reg:0.1361, cls_score:1.3515, unsupervised:0.6303 mae:9.71, mse:20.14, Cost: 21.9 sec 
06-12 02:46:26, Epoch 265 Val, MAE: 99.26, MSE: 155.51 Cost 24.1 sec
06-12 02:46:26, --------------------------------------------------Epoch:266/299--------------------------------------------------
06-12 02:46:48, Epoch 266 Train, reg:0.1462, cls_score:1.3771, unsupervised:0.6396 mae:13.67, mse:25.00, Cost: 22.3 sec 
06-12 02:47:12, Epoch 266 Val, MAE: 71.36, MSE: 107.65 Cost 23.8 sec
06-12 02:47:12, --------------------------------------------------Epoch:267/299--------------------------------------------------
06-12 02:47:34, Epoch 267 Train, reg:0.1305, cls_score:1.2755, unsupervised:0.6062 mae:8.59, mse:18.07, Cost: 22.1 sec 
06-12 02:47:57, Epoch 267 Val, MAE: 67.31, MSE: 105.41 Cost 23.5 sec
06-12 02:47:57, --------------------------------------------------Epoch:268/299--------------------------------------------------
06-12 02:48:20, Epoch 268 Train, reg:0.1422, cls_score:1.3859, unsupervised:0.6253 mae:7.58, mse:13.65, Cost: 22.4 sec 
06-12 02:48:43, Epoch 268 Val, MAE: 70.95, MSE: 112.06 Cost 23.6 sec
06-12 02:48:43, --------------------------------------------------Epoch:269/299--------------------------------------------------
06-12 02:49:06, Epoch 269 Train, reg:0.1443, cls_score:1.3682, unsupervised:0.6152 mae:10.07, mse:20.36, Cost: 22.1 sec 
06-12 02:49:29, Epoch 269 Val, MAE: 69.01, MSE: 123.90 Cost 23.6 sec
06-12 02:49:29, --------------------------------------------------Epoch:270/299--------------------------------------------------
06-12 02:49:51, Epoch 270 Train, reg:0.1405, cls_score:1.3595, unsupervised:0.6175 mae:8.24, mse:14.31, Cost: 22.4 sec 
06-12 02:50:18, Epoch 270 Val, MAE: 69.85, MSE: 121.63 Cost 24.1 sec
06-12 02:50:18, --------------------------------------------------Epoch:271/299--------------------------------------------------
06-12 02:50:40, Epoch 271 Train, reg:0.1401, cls_score:1.4223, unsupervised:0.6236 mae:9.29, mse:20.04, Cost: 22.4 sec 
06-12 02:51:04, Epoch 271 Val, MAE: 67.13, MSE: 110.55 Cost 23.6 sec
06-12 02:51:04, --------------------------------------------------Epoch:272/299--------------------------------------------------
06-12 02:51:26, Epoch 272 Train, reg:0.1386, cls_score:1.3361, unsupervised:0.6308 mae:9.41, mse:16.70, Cost: 22.2 sec 
06-12 02:51:49, Epoch 272 Val, MAE: 65.90, MSE: 101.87 Cost 23.5 sec
06-12 02:51:49, --------------------------------------------------Epoch:273/299--------------------------------------------------
06-12 02:52:11, Epoch 273 Train, reg:0.1521, cls_score:1.4520, unsupervised:0.6243 mae:9.06, mse:16.16, Cost: 22.0 sec 
06-12 02:52:35, Epoch 273 Val, MAE: 71.72, MSE: 111.93 Cost 23.6 sec
06-12 02:52:35, --------------------------------------------------Epoch:274/299--------------------------------------------------
06-12 02:52:57, Epoch 274 Train, reg:0.1491, cls_score:1.4167, unsupervised:0.6133 mae:9.87, mse:19.04, Cost: 22.3 sec 
06-12 02:53:21, Epoch 274 Val, MAE: 63.70, MSE: 104.61 Cost 23.6 sec
06-12 02:53:21, --------------------------------------------------Epoch:275/299--------------------------------------------------
06-12 02:53:43, Epoch 275 Train, reg:0.1391, cls_score:1.3597, unsupervised:0.6369 mae:10.18, mse:18.43, Cost: 22.6 sec 
06-12 02:54:09, Epoch 275 Val, MAE: 74.91, MSE: 122.75 Cost 24.0 sec
06-12 02:54:09, --------------------------------------------------Epoch:276/299--------------------------------------------------
06-12 02:54:32, Epoch 276 Train, reg:0.1457, cls_score:1.3955, unsupervised:0.6297 mae:8.58, mse:14.29, Cost: 22.4 sec 
06-12 02:54:55, Epoch 276 Val, MAE: 69.89, MSE: 111.32 Cost 23.6 sec
06-12 02:54:55, --------------------------------------------------Epoch:277/299--------------------------------------------------
06-12 02:55:18, Epoch 277 Train, reg:0.1328, cls_score:1.3357, unsupervised:0.6371 mae:7.72, mse:15.23, Cost: 22.2 sec 
06-12 02:55:41, Epoch 277 Val, MAE: 63.26, MSE: 107.75 Cost 23.5 sec
06-12 02:55:41, --------------------------------------------------Epoch:278/299--------------------------------------------------
06-12 02:56:04, Epoch 278 Train, reg:0.1401, cls_score:1.3451, unsupervised:0.6489 mae:8.56, mse:19.66, Cost: 22.3 sec 
06-12 02:56:27, Epoch 278 Val, MAE: 69.45, MSE: 115.51 Cost 23.6 sec
06-12 02:56:27, --------------------------------------------------Epoch:279/299--------------------------------------------------
06-12 02:56:50, Epoch 279 Train, reg:0.1481, cls_score:1.3890, unsupervised:0.6310 mae:10.13, mse:17.05, Cost: 22.6 sec 
06-12 02:57:14, Epoch 279 Val, MAE: 72.89, MSE: 117.19 Cost 23.8 sec
06-12 02:57:14, --------------------------------------------------Epoch:280/299--------------------------------------------------
06-12 02:57:36, Epoch 280 Train, reg:0.1428, cls_score:1.3946, unsupervised:0.6226 mae:8.87, mse:15.36, Cost: 22.1 sec 
06-12 02:58:02, Epoch 280 Val, MAE: 74.42, MSE: 113.40 Cost 24.1 sec
06-12 02:58:02, --------------------------------------------------Epoch:281/299--------------------------------------------------
06-12 02:58:25, Epoch 281 Train, reg:0.1316, cls_score:1.3254, unsupervised:0.6004 mae:8.59, mse:16.24, Cost: 22.8 sec 
06-12 02:58:48, Epoch 281 Val, MAE: 66.46, MSE: 115.39 Cost 23.6 sec
06-12 02:58:48, --------------------------------------------------Epoch:282/299--------------------------------------------------
06-12 02:59:11, Epoch 282 Train, reg:0.1406, cls_score:1.3675, unsupervised:0.6036 mae:9.19, mse:17.68, Cost: 22.4 sec 
06-12 02:59:34, Epoch 282 Val, MAE: 65.31, MSE: 104.57 Cost 23.6 sec
06-12 02:59:34, --------------------------------------------------Epoch:283/299--------------------------------------------------
06-12 02:59:57, Epoch 283 Train, reg:0.1379, cls_score:1.3459, unsupervised:0.6632 mae:9.82, mse:20.32, Cost: 22.2 sec 
06-12 03:00:20, Epoch 283 Val, MAE: 63.10, MSE: 100.18 Cost 23.8 sec
06-12 03:00:20, --------------------------------------------------Epoch:284/299--------------------------------------------------
06-12 03:00:43, Epoch 284 Train, reg:0.1328, cls_score:1.3120, unsupervised:0.6328 mae:9.22, mse:16.79, Cost: 22.4 sec 
06-12 03:01:06, Epoch 284 Val, MAE: 65.56, MSE: 113.91 Cost 23.5 sec
06-12 03:01:06, --------------------------------------------------Epoch:285/299--------------------------------------------------
06-12 03:01:28, Epoch 285 Train, reg:0.1267, cls_score:1.2988, unsupervised:0.6240 mae:8.46, mse:17.91, Cost: 22.0 sec 
06-12 03:01:54, Epoch 285 Val, MAE: 64.10, MSE: 111.20 Cost 23.9 sec
06-12 03:01:54, --------------------------------------------------Epoch:286/299--------------------------------------------------
06-12 03:02:16, Epoch 286 Train, reg:0.1427, cls_score:1.3686, unsupervised:0.6278 mae:10.66, mse:19.22, Cost: 22.1 sec 
06-12 03:02:40, Epoch 286 Val, MAE: 73.79, MSE: 118.55 Cost 23.5 sec
06-12 03:02:40, --------------------------------------------------Epoch:287/299--------------------------------------------------
06-12 03:03:01, Epoch 287 Train, reg:0.1367, cls_score:1.3453, unsupervised:0.6383 mae:9.63, mse:17.71, Cost: 21.7 sec 
06-12 03:03:25, Epoch 287 Val, MAE: 64.22, MSE: 115.77 Cost 23.5 sec
06-12 03:03:25, --------------------------------------------------Epoch:288/299--------------------------------------------------
06-12 03:03:48, Epoch 288 Train, reg:0.1376, cls_score:1.3778, unsupervised:0.6363 mae:7.43, mse:14.49, Cost: 22.8 sec 
06-12 03:04:11, Epoch 288 Val, MAE: 64.12, MSE: 107.05 Cost 23.6 sec
06-12 03:04:11, --------------------------------------------------Epoch:289/299--------------------------------------------------
06-12 03:04:34, Epoch 289 Train, reg:0.1380, cls_score:1.3709, unsupervised:0.6549 mae:8.51, mse:17.16, Cost: 22.4 sec 
06-12 03:04:57, Epoch 289 Val, MAE: 65.08, MSE: 113.45 Cost 23.5 sec
06-12 03:04:57, --------------------------------------------------Epoch:290/299--------------------------------------------------
06-12 03:05:19, Epoch 290 Train, reg:0.1400, cls_score:1.3470, unsupervised:0.6074 mae:9.97, mse:17.76, Cost: 22.0 sec 
06-12 03:05:45, Epoch 290 Val, MAE: 68.98, MSE: 110.17 Cost 24.0 sec
06-12 03:05:45, --------------------------------------------------Epoch:291/299--------------------------------------------------
06-12 03:06:08, Epoch 291 Train, reg:0.1341, cls_score:1.3325, unsupervised:0.6353 mae:8.36, mse:15.41, Cost: 22.2 sec 
06-12 03:06:31, Epoch 291 Val, MAE: 65.70, MSE: 105.46 Cost 23.6 sec
06-12 03:06:31, --------------------------------------------------Epoch:292/299--------------------------------------------------
06-12 03:06:53, Epoch 292 Train, reg:0.1373, cls_score:1.3562, unsupervised:0.6137 mae:9.15, mse:18.92, Cost: 21.8 sec 
06-12 03:07:17, Epoch 292 Val, MAE: 70.80, MSE: 113.44 Cost 23.5 sec
06-12 03:07:17, --------------------------------------------------Epoch:293/299--------------------------------------------------
06-12 03:07:39, Epoch 293 Train, reg:0.1394, cls_score:1.3679, unsupervised:0.6162 mae:10.49, mse:19.95, Cost: 22.3 sec 
06-12 03:08:03, Epoch 293 Val, MAE: 68.77, MSE: 113.08 Cost 23.6 sec
06-12 03:08:03, --------------------------------------------------Epoch:294/299--------------------------------------------------
06-12 03:08:25, Epoch 294 Train, reg:0.1318, cls_score:1.3359, unsupervised:0.6339 mae:9.07, mse:14.77, Cost: 22.4 sec 
06-12 03:08:48, Epoch 294 Val, MAE: 69.60, MSE: 110.07 Cost 23.5 sec
06-12 03:08:48, --------------------------------------------------Epoch:295/299--------------------------------------------------
06-12 03:09:10, Epoch 295 Train, reg:0.1412, cls_score:1.3545, unsupervised:0.6118 mae:8.36, mse:14.84, Cost: 21.8 sec 
06-12 03:09:36, Epoch 295 Val, MAE: 63.17, MSE: 110.27 Cost 23.9 sec
06-12 03:09:36, --------------------------------------------------Epoch:296/299--------------------------------------------------
06-12 03:09:58, Epoch 296 Train, reg:0.1317, cls_score:1.3268, unsupervised:0.6137 mae:8.57, mse:15.82, Cost: 22.3 sec 
06-12 03:10:22, Epoch 296 Val, MAE: 62.26, MSE: 103.90 Cost 23.7 sec
06-12 03:10:22, --------------------------------------------------Epoch:297/299--------------------------------------------------
06-12 03:10:44, Epoch 297 Train, reg:0.1332, cls_score:1.3207, unsupervised:0.6423 mae:8.07, mse:13.39, Cost: 21.9 sec 
06-12 03:11:08, Epoch 297 Val, MAE: 65.49, MSE: 107.56 Cost 23.5 sec
06-12 03:11:08, --------------------------------------------------Epoch:298/299--------------------------------------------------
06-12 03:11:30, Epoch 298 Train, reg:0.1323, cls_score:1.3751, unsupervised:0.6524 mae:9.24, mse:17.14, Cost: 22.2 sec 
06-12 03:11:53, Epoch 298 Val, MAE: 64.29, MSE: 113.20 Cost 23.5 sec
06-12 03:11:53, --------------------------------------------------Epoch:299/299--------------------------------------------------
06-12 03:12:15, Epoch 299 Train, reg:0.1328, cls_score:1.3257, unsupervised:0.6523 mae:10.29, mse:19.77, Cost: 22.1 sec 
06-12 03:12:39, Epoch 299 Val, MAE: 70.67, MSE: 115.44 Cost 23.4 sec
